This file contains any messages produced by compilers while
running configure, to aid debugging if configure makes a mistake.

It was created by netCDF-Fortran configure 4.4.4, which was
generated by GNU Autoconf 2.69.  Invocation command line was

  $ ./configure --prefix=/usr/local/netcdf4 CC=gcc FC=gfortran

## --------- ##
## Platform. ##
## --------- ##

hostname = dalaoshe
uname -m = x86_64
uname -r = 4.4.0-119-generic
uname -s = Linux
uname -v = #143-Ubuntu SMP Mon Apr 2 16:08:24 UTC 2018

/usr/bin/uname -p = unknown
/bin/uname -X     = unknown

/bin/arch              = unknown
/usr/bin/arch -k       = unknown
/usr/convex/getsysinfo = unknown
/usr/bin/hostinfo      = unknown
/bin/machine           = unknown
/usr/bin/oslevel       = unknown
/bin/universe          = unknown

PATH: /usr/local/sbin
PATH: /usr/local/bin
PATH: /usr/sbin
PATH: /usr/bin
PATH: /sbin
PATH: /bin
PATH: /snap/bin


## ----------- ##
## Core tests. ##
## ----------- ##

configure:2736: netCDF-Fortran 4.4.4
configure:2776: checking build system type
configure:2790: result: x86_64-unknown-linux-gnu
configure:2810: checking host system type
configure:2823: result: x86_64-unknown-linux-gnu
configure:2845: checking target system type
configure:2858: result: x86_64-unknown-linux-gnu
configure:2902: checking for a BSD-compatible install
configure:2970: result: /usr/bin/install -c
configure:2981: checking whether build environment is sane
configure:3036: result: yes
configure:3187: checking for a thread-safe mkdir -p
configure:3226: result: /bin/mkdir -p
configure:3233: checking for gawk
configure:3263: result: no
configure:3233: checking for mawk
configure:3249: found /usr/bin/mawk
configure:3260: result: mawk
configure:3271: checking whether make sets $(MAKE)
configure:3293: result: yes
configure:3322: checking whether make supports nested variables
configure:3339: result: yes
configure:3465: checking whether to enable maintainer-specific portions of Makefiles
configure:3474: result: no
configure:3491: checking user options
configure:3495: checking whether extra valgrind tests should be run
configure:3503: result: no
configure:3507: checking whether parallel IO tests should be run
configure:3515: result: no
configure:3519: checking whether netCDF extra tests should be run (developers only)
configure:3527: result: no
configure:3584: checking for doxygen
configure:3614: result: no
configure:3623: WARNING: Doxygen not found - documentation will not be built
configure:3633: checking for dot
configure:3663: result: no
configure:3672: WARNING: dot not found - will use simple charts in documentation
configure:3699: finding C compiler
configure:3750: checking for gcc
configure:3777: result: gcc
configure:4006: checking for C compiler version
configure:4015: gcc --version >&5
gcc (Ubuntu 5.4.0-6ubuntu1~16.04.9) 5.4.0 20160609
Copyright (C) 2015 Free Software Foundation, Inc.
This is free software; see the source for copying conditions.  There is NO
warranty; not even for MERCHANTABILITY or FITNESS FOR A PARTICULAR PURPOSE.

configure:4026: $? = 0
configure:4015: gcc -v >&5
Using built-in specs.
COLLECT_GCC=gcc
COLLECT_LTO_WRAPPER=/usr/lib/gcc/x86_64-linux-gnu/5/lto-wrapper
Target: x86_64-linux-gnu
Configured with: ../src/configure -v --with-pkgversion='Ubuntu 5.4.0-6ubuntu1~16.04.9' --with-bugurl=file:///usr/share/doc/gcc-5/README.Bugs --enable-languages=c,ada,c++,java,go,d,fortran,objc,obj-c++ --prefix=/usr --program-suffix=-5 --enable-shared --enable-linker-build-id --libexecdir=/usr/lib --without-included-gettext --enable-threads=posix --libdir=/usr/lib --enable-nls --with-sysroot=/ --enable-clocale=gnu --enable-libstdcxx-debug --enable-libstdcxx-time=yes --with-default-libstdcxx-abi=new --enable-gnu-unique-object --disable-vtable-verify --enable-libmpx --enable-plugin --with-system-zlib --disable-browser-plugin --enable-java-awt=gtk --enable-gtk-cairo --with-java-home=/usr/lib/jvm/java-1.5.0-gcj-5-amd64/jre --enable-java-home --with-jvm-root-dir=/usr/lib/jvm/java-1.5.0-gcj-5-amd64 --with-jvm-jar-dir=/usr/lib/jvm-exports/java-1.5.0-gcj-5-amd64 --with-arch-directory=amd64 --with-ecj-jar=/usr/share/java/eclipse-ecj.jar --enable-objc-gc --enable-multiarch --disable-werror --with-arch-32=i686 --with-abi=m64 --with-multilib-list=m32,m64,mx32 --enable-multilib --with-tune=generic --enable-checking=release --build=x86_64-linux-gnu --host=x86_64-linux-gnu --target=x86_64-linux-gnu
Thread model: posix
gcc version 5.4.0 20160609 (Ubuntu 5.4.0-6ubuntu1~16.04.9) 
configure:4026: $? = 0
configure:4015: gcc -V >&5
gcc: error: unrecognized command line option '-V'
gcc: fatal error: no input files
compilation terminated.
configure:4026: $? = 1
configure:4015: gcc -qversion >&5
gcc: error: unrecognized command line option '-qversion'
gcc: fatal error: no input files
compilation terminated.
configure:4026: $? = 1
configure:4046: checking whether the C compiler works
configure:4068: gcc  -I/usr/local/netcdf4/include -L/usr/local/netcdf4/lib conftest.c  >&5
configure:4072: $? = 0
configure:4120: result: yes
configure:4123: checking for C compiler default output file name
configure:4125: result: a.out
configure:4131: checking for suffix of executables
configure:4138: gcc -o conftest  -I/usr/local/netcdf4/include -L/usr/local/netcdf4/lib conftest.c  >&5
configure:4142: $? = 0
configure:4164: result: 
configure:4186: checking whether we are cross compiling
configure:4194: gcc -o conftest  -I/usr/local/netcdf4/include -L/usr/local/netcdf4/lib conftest.c  >&5
configure:4198: $? = 0
configure:4205: ./conftest
configure:4209: $? = 0
configure:4224: result: no
configure:4229: checking for suffix of object files
configure:4251: gcc -c  -I/usr/local/netcdf4/include conftest.c >&5
configure:4255: $? = 0
configure:4276: result: o
configure:4280: checking whether we are using the GNU C compiler
configure:4299: gcc -c  -I/usr/local/netcdf4/include conftest.c >&5
configure:4299: $? = 0
configure:4308: result: yes
configure:4317: checking whether gcc accepts -g
configure:4337: gcc -c -g -I/usr/local/netcdf4/include conftest.c >&5
configure:4337: $? = 0
configure:4378: result: yes
configure:4395: checking for gcc option to accept ISO C89
configure:4458: gcc  -c -g -O2 -I/usr/local/netcdf4/include conftest.c >&5
configure:4458: $? = 0
configure:4471: result: none needed
configure:4496: checking whether gcc understands -c and -o together
configure:4518: gcc -c conftest.c -o conftest2.o
configure:4521: $? = 0
configure:4518: gcc -c conftest.c -o conftest2.o
configure:4521: $? = 0
configure:4533: result: yes
configure:4561: checking for style of include used by make
configure:4589: result: GNU
configure:4615: checking dependency style of gcc
configure:4726: result: gcc3
configure:4743: checking for an ANSI C-conforming const
configure:4809: gcc -c -g -O2 -I/usr/local/netcdf4/include conftest.c >&5
configure:4809: $? = 0
configure:4816: result: yes
configure:4839: finding Fortran compiler
configure:4947: checking for Fortran compiler version
configure:4956: gfortran --version >&5
GNU Fortran (Ubuntu 5.4.0-6ubuntu1~16.04.9) 5.4.0 20160609
Copyright (C) 2015 Free Software Foundation, Inc.

GNU Fortran comes with NO WARRANTY, to the extent permitted by law.
You may redistribute copies of GNU Fortran
under the terms of the GNU General Public License.
For more information about these matters, see the file named COPYING

configure:4967: $? = 0
configure:4956: gfortran -v >&5
Using built-in specs.
COLLECT_GCC=gfortran
COLLECT_LTO_WRAPPER=/usr/lib/gcc/x86_64-linux-gnu/5/lto-wrapper
Target: x86_64-linux-gnu
Configured with: ../src/configure -v --with-pkgversion='Ubuntu 5.4.0-6ubuntu1~16.04.9' --with-bugurl=file:///usr/share/doc/gcc-5/README.Bugs --enable-languages=c,ada,c++,java,go,d,fortran,objc,obj-c++ --prefix=/usr --program-suffix=-5 --enable-shared --enable-linker-build-id --libexecdir=/usr/lib --without-included-gettext --enable-threads=posix --libdir=/usr/lib --enable-nls --with-sysroot=/ --enable-clocale=gnu --enable-libstdcxx-debug --enable-libstdcxx-time=yes --with-default-libstdcxx-abi=new --enable-gnu-unique-object --disable-vtable-verify --enable-libmpx --enable-plugin --with-system-zlib --disable-browser-plugin --enable-java-awt=gtk --enable-gtk-cairo --with-java-home=/usr/lib/jvm/java-1.5.0-gcj-5-amd64/jre --enable-java-home --with-jvm-root-dir=/usr/lib/jvm/java-1.5.0-gcj-5-amd64 --with-jvm-jar-dir=/usr/lib/jvm-exports/java-1.5.0-gcj-5-amd64 --with-arch-directory=amd64 --with-ecj-jar=/usr/share/java/eclipse-ecj.jar --enable-objc-gc --enable-multiarch --disable-werror --with-arch-32=i686 --with-abi=m64 --with-multilib-list=m32,m64,mx32 --enable-multilib --with-tune=generic --enable-checking=release --build=x86_64-linux-gnu --host=x86_64-linux-gnu --target=x86_64-linux-gnu
Thread model: posix
gcc version 5.4.0 20160609 (Ubuntu 5.4.0-6ubuntu1~16.04.9) 
configure:4967: $? = 0
configure:4956: gfortran -V >&5
gfortran: error: unrecognized command line option '-V'
gfortran: fatal error: no input files
compilation terminated.
configure:4967: $? = 1
configure:4956: gfortran -qversion >&5
gfortran: error: unrecognized command line option '-qversion'
gfortran: fatal error: no input files
compilation terminated.
configure:4967: $? = 1
configure:4976: checking whether we are using the GNU Fortran compiler
configure:4989: gfortran -c   conftest.F >&5
configure:4989: $? = 0
configure:4998: result: yes
configure:5004: checking whether gfortran accepts -g
configure:5015: gfortran -c -g  conftest.f >&5
configure:5015: $? = 0
configure:5023: result: yes
configure:5105: checking for gfortran
configure:5121: found /usr/bin/gfortran
configure:5132: result: gfortran
configure:5158: checking for Fortran 77 compiler version
configure:5167: gfortran --version >&5
GNU Fortran (Ubuntu 5.4.0-6ubuntu1~16.04.9) 5.4.0 20160609
Copyright (C) 2015 Free Software Foundation, Inc.

GNU Fortran comes with NO WARRANTY, to the extent permitted by law.
You may redistribute copies of GNU Fortran
under the terms of the GNU General Public License.
For more information about these matters, see the file named COPYING

configure:5178: $? = 0
configure:5167: gfortran -v >&5
Using built-in specs.
COLLECT_GCC=gfortran
COLLECT_LTO_WRAPPER=/usr/lib/gcc/x86_64-linux-gnu/5/lto-wrapper
Target: x86_64-linux-gnu
Configured with: ../src/configure -v --with-pkgversion='Ubuntu 5.4.0-6ubuntu1~16.04.9' --with-bugurl=file:///usr/share/doc/gcc-5/README.Bugs --enable-languages=c,ada,c++,java,go,d,fortran,objc,obj-c++ --prefix=/usr --program-suffix=-5 --enable-shared --enable-linker-build-id --libexecdir=/usr/lib --without-included-gettext --enable-threads=posix --libdir=/usr/lib --enable-nls --with-sysroot=/ --enable-clocale=gnu --enable-libstdcxx-debug --enable-libstdcxx-time=yes --with-default-libstdcxx-abi=new --enable-gnu-unique-object --disable-vtable-verify --enable-libmpx --enable-plugin --with-system-zlib --disable-browser-plugin --enable-java-awt=gtk --enable-gtk-cairo --with-java-home=/usr/lib/jvm/java-1.5.0-gcj-5-amd64/jre --enable-java-home --with-jvm-root-dir=/usr/lib/jvm/java-1.5.0-gcj-5-amd64 --with-jvm-jar-dir=/usr/lib/jvm-exports/java-1.5.0-gcj-5-amd64 --with-arch-directory=amd64 --with-ecj-jar=/usr/share/java/eclipse-ecj.jar --enable-objc-gc --enable-multiarch --disable-werror --with-arch-32=i686 --with-abi=m64 --with-multilib-list=m32,m64,mx32 --enable-multilib --with-tune=generic --enable-checking=release --build=x86_64-linux-gnu --host=x86_64-linux-gnu --target=x86_64-linux-gnu
Thread model: posix
gcc version 5.4.0 20160609 (Ubuntu 5.4.0-6ubuntu1~16.04.9) 
configure:5178: $? = 0
configure:5167: gfortran -V >&5
gfortran: error: unrecognized command line option '-V'
gfortran: fatal error: no input files
compilation terminated.
configure:5178: $? = 1
configure:5167: gfortran -qversion >&5
gfortran: error: unrecognized command line option '-qversion'
gfortran: fatal error: no input files
compilation terminated.
configure:5178: $? = 1
configure:5187: checking whether we are using the GNU Fortran 77 compiler
configure:5200: gfortran -c  conftest.F >&5
configure:5200: $? = 0
configure:5209: result: yes
configure:5215: checking whether gfortran accepts -g
configure:5226: gfortran -c -g conftest.f >&5
configure:5226: $? = 0
configure:5234: result: yes
configure:5278: checking whether Fortran compiler is checked for ISO_C_BINDING support
configure:5286: result: yes
configure:5306: checking for Fortran flag to compile .f90 files
configure:5326: gfortran -c -g -O2  conftest.f90 >&5
configure:5326: $? = 0
configure:5335: result: none
configure:5363: checking fortran 90 modules inclusion flag
configure:5388: gfortran -c -g -O2  conftest.f90 >&5
configure:5388: $? = 0
configure:5405: gfortran -c -g -O2 -Itmpdir_0  conftest.f90 >&5
configure:5405: $? = 0
configure:5424: result: -I
configure:5429: checking if Fortran compiler supports Fortran 2003 ISO_C_BINDING
configure:5437: gfortran -c -g -O2  conftest.f90
configure:5440: $? = 0
configure:5446: result: yes
configure:5449: checking if Fortran compiler supports Fortran 2008 ISO_FORTRAN_ENV additions
configure:5457: gfortran -c -g -O2  conftest.f90
configure:5460: $? = 0
configure:5469: result: yes
configure:5472: checking if Fortran compiler supports TS29113 standard extension
configure:5480: gfortran -c -g -O2  conftest.f90
configure:5483: $? = 0
configure:5492: result: yes
configure:5511: checking whether F03 native code is desired
configure:5519: result: yes
configure:5540: checking whether fortran type sizes should be checked
configure:5548: result: yes
configure:5552: checking whether large file (> 2GB) tests should be run
configure:5560: result: no
configure:5577: checking whether benchmarks should be run (experimental)
configure:5585: result: no
configure:5599: checking where to put large temp files if large file tests are run
configure:5608: result: .
configure:5795: setting up libtool
configure:5844: checking how to print strings
configure:5871: result: printf
configure:5892: checking for a sed that does not truncate output
configure:5956: result: /bin/sed
configure:5974: checking for grep that handles long lines and -e
configure:6032: result: /bin/grep
configure:6037: checking for egrep
configure:6099: result: /bin/grep -E
configure:6104: checking for fgrep
configure:6166: result: /bin/grep -F
configure:6201: checking for ld used by gcc
configure:6268: result: /usr/bin/ld
configure:6275: checking if the linker (/usr/bin/ld) is GNU ld
configure:6290: result: yes
configure:6302: checking for BSD- or MS-compatible name lister (nm)
configure:6351: result: /usr/bin/nm -B
configure:6481: checking the name lister (/usr/bin/nm -B) interface
configure:6488: gcc -c -g -O2 -I/usr/local/netcdf4/include conftest.c >&5
configure:6491: /usr/bin/nm -B "conftest.o"
configure:6494: output
0000000000000000 B some_variable
configure:6501: result: BSD nm
configure:6504: checking whether ln -s works
configure:6508: result: yes
configure:6516: checking the maximum length of command line arguments
configure:6647: result: 1572864
configure:6664: checking whether the shell understands some XSI constructs
configure:6674: result: yes
configure:6678: checking whether the shell understands "+="
configure:6684: result: yes
configure:6719: checking how to convert x86_64-unknown-linux-gnu file names to x86_64-unknown-linux-gnu format
configure:6759: result: func_convert_file_noop
configure:6766: checking how to convert x86_64-unknown-linux-gnu file names to toolchain format
configure:6786: result: func_convert_file_noop
configure:6793: checking for /usr/bin/ld option to reload object files
configure:6800: result: -r
configure:6874: checking for objdump
configure:6890: found /usr/bin/objdump
configure:6901: result: objdump
configure:6933: checking how to recognize dependent libraries
configure:7131: result: pass_all
configure:7216: checking for dlltool
configure:7246: result: no
configure:7276: checking how to associate runtime and link libraries
configure:7303: result: printf %s\n
configure:7363: checking for ar
configure:7379: found /usr/bin/ar
configure:7390: result: ar
configure:7427: checking for archiver @FILE support
configure:7444: gcc -c -g -O2 -I/usr/local/netcdf4/include conftest.c >&5
configure:7444: $? = 0
configure:7447: ar cru libconftest.a @conftest.lst >&5
ar: `u' modifier ignored since `D' is the default (see `U')
configure:7450: $? = 0
configure:7455: ar cru libconftest.a @conftest.lst >&5
ar: `u' modifier ignored since `D' is the default (see `U')
ar: conftest.o: No such file or directory
configure:7458: $? = 1
configure:7470: result: @
configure:7528: checking for strip
configure:7544: found /usr/bin/strip
configure:7555: result: strip
configure:7627: checking for ranlib
configure:7643: found /usr/bin/ranlib
configure:7654: result: ranlib
configure:7756: checking command to parse /usr/bin/nm -B output from gcc object
configure:7876: gcc -c -g -O2 -I/usr/local/netcdf4/include conftest.c >&5
configure:7879: $? = 0
configure:7883: /usr/bin/nm -B conftest.o \| sed -n -e 's/^.*[ ]\([ABCDGIRSTW][ABCDGIRSTW]*\)[ ][ ]*\([_A-Za-z][_A-Za-z0-9]*\)$/\1 \2 \2/p' | sed '/ __gnu_lto/d' \> conftest.nm
configure:7886: $? = 0
configure:7952: gcc -o conftest -g -O2 -I/usr/local/netcdf4/include -L/usr/local/netcdf4/lib conftest.c conftstm.o >&5
configure:7955: $? = 0
configure:7993: result: ok
configure:8030: checking for sysroot
configure:8060: result: no
configure:8137: gcc -c -g -O2 -I/usr/local/netcdf4/include conftest.c >&5
configure:8140: $? = 0
configure:8329: checking for mt
configure:8345: found /bin/mt
configure:8356: result: mt
configure:8379: checking if mt is a manifest tool
configure:8385: mt '-?'
configure:8393: result: no
configure:9035: checking how to run the C preprocessor
configure:9066: gcc -E -I/usr/local/netcdf4/include conftest.c
configure:9066: $? = 0
configure:9080: gcc -E -I/usr/local/netcdf4/include conftest.c
conftest.c:14:28: fatal error: ac_nonexistent.h: No such file or directory
compilation terminated.
configure:9080: $? = 1
configure: failed program was:
| /* confdefs.h */
| #define PACKAGE_NAME "netCDF-Fortran"
| #define PACKAGE_TARNAME "netcdf-fortran"
| #define PACKAGE_VERSION "4.4.4"
| #define PACKAGE_STRING "netCDF-Fortran 4.4.4"
| #define PACKAGE_BUGREPORT "support-netcdf@unidata.ucar.edu"
| #define PACKAGE_URL ""
| #define PACKAGE "netcdf-fortran"
| #define VERSION "4.4.4"
| #define HAVE_F2008 1
| #define HAVE_TS29113_SUPPORT 1
| #define TEMP_LARGE "."
| /* end confdefs.h.  */
| #include <ac_nonexistent.h>
configure:9105: result: gcc -E
configure:9125: gcc -E -I/usr/local/netcdf4/include conftest.c
configure:9125: $? = 0
configure:9139: gcc -E -I/usr/local/netcdf4/include conftest.c
conftest.c:14:28: fatal error: ac_nonexistent.h: No such file or directory
compilation terminated.
configure:9139: $? = 1
configure: failed program was:
| /* confdefs.h */
| #define PACKAGE_NAME "netCDF-Fortran"
| #define PACKAGE_TARNAME "netcdf-fortran"
| #define PACKAGE_VERSION "4.4.4"
| #define PACKAGE_STRING "netCDF-Fortran 4.4.4"
| #define PACKAGE_BUGREPORT "support-netcdf@unidata.ucar.edu"
| #define PACKAGE_URL ""
| #define PACKAGE "netcdf-fortran"
| #define VERSION "4.4.4"
| #define HAVE_F2008 1
| #define HAVE_TS29113_SUPPORT 1
| #define TEMP_LARGE "."
| /* end confdefs.h.  */
| #include <ac_nonexistent.h>
configure:9168: checking for ANSI C header files
configure:9188: gcc -c -g -O2 -I/usr/local/netcdf4/include conftest.c >&5
configure:9188: $? = 0
configure:9261: gcc -o conftest -g -O2 -I/usr/local/netcdf4/include -L/usr/local/netcdf4/lib conftest.c  >&5
configure:9261: $? = 0
configure:9261: ./conftest
configure:9261: $? = 0
configure:9272: result: yes
configure:9285: checking for sys/types.h
configure:9285: gcc -c -g -O2 -I/usr/local/netcdf4/include conftest.c >&5
configure:9285: $? = 0
configure:9285: result: yes
configure:9285: checking for sys/stat.h
configure:9285: gcc -c -g -O2 -I/usr/local/netcdf4/include conftest.c >&5
configure:9285: $? = 0
configure:9285: result: yes
configure:9285: checking for stdlib.h
configure:9285: gcc -c -g -O2 -I/usr/local/netcdf4/include conftest.c >&5
configure:9285: $? = 0
configure:9285: result: yes
configure:9285: checking for string.h
configure:9285: gcc -c -g -O2 -I/usr/local/netcdf4/include conftest.c >&5
configure:9285: $? = 0
configure:9285: result: yes
configure:9285: checking for memory.h
configure:9285: gcc -c -g -O2 -I/usr/local/netcdf4/include conftest.c >&5
configure:9285: $? = 0
configure:9285: result: yes
configure:9285: checking for strings.h
configure:9285: gcc -c -g -O2 -I/usr/local/netcdf4/include conftest.c >&5
configure:9285: $? = 0
configure:9285: result: yes
configure:9285: checking for inttypes.h
configure:9285: gcc -c -g -O2 -I/usr/local/netcdf4/include conftest.c >&5
configure:9285: $? = 0
configure:9285: result: yes
configure:9285: checking for stdint.h
configure:9285: gcc -c -g -O2 -I/usr/local/netcdf4/include conftest.c >&5
configure:9285: $? = 0
configure:9285: result: yes
configure:9285: checking for unistd.h
configure:9285: gcc -c -g -O2 -I/usr/local/netcdf4/include conftest.c >&5
configure:9285: $? = 0
configure:9285: result: yes
configure:9299: checking for dlfcn.h
configure:9299: gcc -c -g -O2 -I/usr/local/netcdf4/include conftest.c >&5
configure:9299: $? = 0
configure:9299: result: yes
configure:9516: checking for objdir
configure:9531: result: .libs
configure:9802: checking if gcc supports -fno-rtti -fno-exceptions
configure:9820: gcc -c -g -O2 -I/usr/local/netcdf4/include -fno-rtti -fno-exceptions conftest.c >&5
cc1: warning: command line option '-fno-rtti' is valid for C++/ObjC++ but not for C
configure:9824: $? = 0
configure:9837: result: no
configure:10164: checking for gcc option to produce PIC
configure:10171: result: -fPIC -DPIC
configure:10179: checking if gcc PIC flag -fPIC -DPIC works
configure:10197: gcc -c -g -O2 -I/usr/local/netcdf4/include -fPIC -DPIC -DPIC conftest.c >&5
configure:10201: $? = 0
configure:10214: result: yes
configure:10243: checking if gcc static flag -static works
configure:10271: result: yes
configure:10286: checking if gcc supports -c -o file.o
configure:10307: gcc -c -g -O2 -I/usr/local/netcdf4/include -o out/conftest2.o conftest.c >&5
configure:10311: $? = 0
configure:10333: result: yes
configure:10341: checking if gcc supports -c -o file.o
configure:10388: result: yes
configure:10421: checking whether the gcc linker (/usr/bin/ld -m elf_x86_64) supports shared libraries
configure:11578: result: yes
configure:11615: checking whether -lc should be explicitly linked in
configure:11623: gcc -c -g -O2 -I/usr/local/netcdf4/include conftest.c >&5
configure:11626: $? = 0
configure:11641: gcc -shared  -fPIC -DPIC conftest.o  -v -Wl,-soname -Wl,conftest -o conftest 2\>\&1 \| /bin/grep  -lc  \>/dev/null 2\>\&1
configure:11644: $? = 0
configure:11658: result: no
configure:11818: checking dynamic linker characteristics
configure:12318: gcc -o conftest -g -O2 -I/usr/local/netcdf4/include -L/usr/local/netcdf4/lib -Wl,-rpath -Wl,/foo conftest.c  >&5
configure:12318: $? = 0
configure:12552: result: GNU/Linux ld.so
configure:12659: checking how to hardcode library paths into programs
configure:12684: result: immediate
configure:13224: checking whether stripping libraries is possible
configure:13229: result: yes
configure:13264: checking if libtool supports shared libraries
configure:13266: result: yes
configure:13269: checking whether to build shared libraries
configure:13290: result: yes
configure:13293: checking whether to build static libraries
configure:13297: result: yes
configure:13421: checking if libtool supports shared libraries
configure:13423: result: yes
configure:13426: checking whether to build shared libraries
configure:13446: result: yes
configure:13449: checking whether to build static libraries
configure:13453: result: yes
configure:13774: checking for gfortran option to produce PIC
configure:13781: result: -fPIC
configure:13789: checking if gfortran PIC flag -fPIC works
configure:13807: gfortran -c -g -O2 -fPIC conftest.f >&5
configure:13811: $? = 0
configure:13824: result: yes
configure:13847: checking if gfortran static flag -static works
configure:13875: result: yes
configure:13887: checking if gfortran supports -c -o file.o
configure:13908: gfortran -c -g -O2 -o out/conftest2.o conftest.f >&5
configure:13912: $? = 0
configure:13934: result: yes
configure:13939: checking if gfortran supports -c -o file.o
configure:13986: result: yes
configure:14016: checking whether the gfortran linker (/usr/bin/ld -m elf_x86_64) supports shared libraries
configure:15123: result: yes
configure:15264: checking dynamic linker characteristics
configure:15926: result: GNU/Linux ld.so
configure:15979: checking how to hardcode library paths into programs
configure:16004: result: immediate
configure:16148: checking if libtool supports shared libraries
configure:16150: result: yes
configure:16153: checking whether to build shared libraries
configure:16173: result: yes
configure:16176: checking whether to build static libraries
configure:16180: result: yes
configure:16214: gfortran -c -g -O2  conftest.f90 >&5
configure:16217: $? = 0
configure:16664: checking for gfortran option to produce PIC
configure:16671: result: -fPIC
configure:16679: checking if gfortran PIC flag -fPIC works
configure:16697: gfortran -c -g -O2 -fPIC  conftest.f90 >&5
configure:16701: $? = 0
configure:16714: result: yes
configure:16737: checking if gfortran static flag -static works
configure:16765: result: yes
configure:16777: checking if gfortran supports -c -o file.o
configure:16798: gfortran -c -g -O2 -o out/conftest2.o  conftest.f90 >&5
configure:16802: $? = 0
configure:16824: result: yes
configure:16829: checking if gfortran supports -c -o file.o
configure:16876: result: yes
configure:16906: checking whether the gfortran linker (/usr/bin/ld -m elf_x86_64) supports shared libraries
configure:18013: result: yes
configure:18154: checking dynamic linker characteristics
configure:18816: result: GNU/Linux ld.so
configure:18869: checking how to hardcode library paths into programs
configure:18894: result: immediate
configure:18955: finding other utilities
configure:18961: trying to set fortran flags for this platform
configure:18963: checking what FC is set to
configure:18965: result: gfortran
configure:19013: checking for special C compiler options needed for large files
configure:19058: result: no
configure:19064: checking for _FILE_OFFSET_BITS value needed for large files
configure:19089: gcc -c -g -O2 -I/usr/local/netcdf4/include conftest.c >&5
configure:19089: $? = 0
configure:19121: result: no
configure:19269: checking for /usr/bin/nm
configure:19296: result: /usr/bin/nm -B
configure:19309: checking nm flags
configure:19314: result: 
configure:19326: checking for C-equivalent to Fortran routine "SUB"
configure:19333: gfortran -c -g -O2 conftest.f
configure:19336: $? = 0
configure:19346: result: sub_
configure:19366: checking for Fortran "byte"
configure:19374: gfortran -c -g -O2 conftest.f
configure:19377: $? = 0
configure:19379: result: yes
configure:19397: checking for Fortran "integer*2"
configure:19405: gfortran -c -g -O2 conftest.f
configure:19408: $? = 0
configure:19410: result: yes
configure:19437: checking if Fortran "byte" is C "signed char"
configure:19447: gcc -c -I/usr/local/netcdf4/include -g -O2 conftest.c
conftest.c: In function 'sub_':
conftest.c:4:3: warning: implicit declaration of function 'exit' [-Wimplicit-function-declaration]
   exit(values[1] != -2 || values[2] != -3);
   ^
conftest.c:4:3: warning: incompatible implicit declaration of built-in function 'exit'
conftest.c:4:3: note: include '<stdlib.h>' or provide a declaration of 'exit'
configure:19450: $? = 0
configure:19453: gfortran -g -O2 -c conftestf.f
configure:19456: $? = 0
configure:19459: gfortran -o conftest -g -O2 -L/usr/local/netcdf4/lib conftestf.o conftest.o  
configure:19462: $? = 0
configure:19465: ./conftest
configure:19468: $? = 0
configure:19470: result: yes
configure:19504: checking if Fortran "byte" is C "short"
configure:19514: gcc -c -I/usr/local/netcdf4/include -g -O2 conftest.c
conftest.c: In function 'sub_':
conftest.c:4:3: warning: implicit declaration of function 'exit' [-Wimplicit-function-declaration]
   exit(values[1] != -2 || values[2] != -3);
   ^
conftest.c:4:3: warning: incompatible implicit declaration of built-in function 'exit'
conftest.c:4:3: note: include '<stdlib.h>' or provide a declaration of 'exit'
configure:19517: $? = 0
configure:19520: gfortran -g -O2 -c conftestf.f
configure:19523: $? = 0
configure:19526: gfortran -o conftest -g -O2 -L/usr/local/netcdf4/lib conftestf.o conftest.o  
configure:19529: $? = 0
configure:19532: ./conftest
configure:19535: $? = 1
configure:19548: result: no
configure:19571: checking if Fortran "byte" is C "int"
configure:19581: gcc -c -I/usr/local/netcdf4/include -g -O2 conftest.c
conftest.c: In function 'sub_':
conftest.c:4:3: warning: implicit declaration of function 'exit' [-Wimplicit-function-declaration]
   exit(values[1] != -2 || values[2] != -3);
   ^
conftest.c:4:3: warning: incompatible implicit declaration of built-in function 'exit'
conftest.c:4:3: note: include '<stdlib.h>' or provide a declaration of 'exit'
configure:19584: $? = 0
configure:19587: gfortran -g -O2 -c conftestf.f
configure:19590: $? = 0
configure:19593: gfortran -o conftest -g -O2 -L/usr/local/netcdf4/lib conftestf.o conftest.o  
configure:19596: $? = 0
configure:19599: ./conftest
configure:19602: $? = 1
configure:19615: result: no
configure:19638: checking if Fortran "byte" is C "long"
configure:19648: gcc -c -I/usr/local/netcdf4/include -g -O2 conftest.c
conftest.c: In function 'sub_':
conftest.c:4:3: warning: implicit declaration of function 'exit' [-Wimplicit-function-declaration]
   exit(values[1] != -2 || values[2] != -3);
   ^
conftest.c:4:3: warning: incompatible implicit declaration of built-in function 'exit'
conftest.c:4:3: note: include '<stdlib.h>' or provide a declaration of 'exit'
configure:19651: $? = 0
configure:19654: gfortran -g -O2 -c conftestf.f
configure:19657: $? = 0
configure:19660: gfortran -o conftest -g -O2 -L/usr/local/netcdf4/lib conftestf.o conftest.o  
configure:19663: $? = 0
configure:19666: ./conftest
configure:19669: $? = 1
configure:19682: result: no
configure:19709: checking if Fortran "integer*2" is C "short"
configure:19719: gcc -c -I/usr/local/netcdf4/include -g -O2 conftest.c
conftest.c: In function 'sub_':
conftest.c:4:3: warning: implicit declaration of function 'exit' [-Wimplicit-function-declaration]
   exit(values[1] != -2 || values[2] != -3);
   ^
conftest.c:4:3: warning: incompatible implicit declaration of built-in function 'exit'
conftest.c:4:3: note: include '<stdlib.h>' or provide a declaration of 'exit'
configure:19722: $? = 0
configure:19725: gfortran -g -O2 -c conftestf.f
configure:19728: $? = 0
configure:19731: gfortran -o conftest -g -O2 -L/usr/local/netcdf4/lib conftestf.o conftest.o  
configure:19734: $? = 0
configure:19737: ./conftest
configure:19740: $? = 0
configure:19742: result: yes
configure:19776: checking if Fortran "integer*2" is C "int"
configure:19786: gcc -c -I/usr/local/netcdf4/include -g -O2 conftest.c
conftest.c: In function 'sub_':
conftest.c:4:3: warning: implicit declaration of function 'exit' [-Wimplicit-function-declaration]
   exit(values[1] != -2 || values[2] != -3);
   ^
conftest.c:4:3: warning: incompatible implicit declaration of built-in function 'exit'
conftest.c:4:3: note: include '<stdlib.h>' or provide a declaration of 'exit'
configure:19789: $? = 0
configure:19792: gfortran -g -O2 -c conftestf.f
configure:19795: $? = 0
configure:19798: gfortran -o conftest -g -O2 -L/usr/local/netcdf4/lib conftestf.o conftest.o  
configure:19801: $? = 0
configure:19804: ./conftest
configure:19807: $? = 1
configure:19820: result: no
configure:19843: checking if Fortran "integer*2" is C "long"
configure:19853: gcc -c -I/usr/local/netcdf4/include -g -O2 conftest.c
conftest.c: In function 'sub_':
conftest.c:4:3: warning: implicit declaration of function 'exit' [-Wimplicit-function-declaration]
   exit(values[1] != -2 || values[2] != -3);
   ^
conftest.c:4:3: warning: incompatible implicit declaration of built-in function 'exit'
conftest.c:4:3: note: include '<stdlib.h>' or provide a declaration of 'exit'
configure:19856: $? = 0
configure:19859: gfortran -g -O2 -c conftestf.f
configure:19862: $? = 0
configure:19865: gfortran -o conftest -g -O2 -L/usr/local/netcdf4/lib conftestf.o conftest.o  
configure:19868: $? = 0
configure:19871: ./conftest
configure:19874: $? = 1
configure:19887: result: no
configure:19912: checking if Fortran "integer" is C "int"
configure:19922: gcc -c -I/usr/local/netcdf4/include -g -O2 conftest.c
conftest.c: In function 'sub_':
conftest.c:4:3: warning: implicit declaration of function 'exit' [-Wimplicit-function-declaration]
   exit(values[1] != -2 || values[2] != -3);
   ^
conftest.c:4:3: warning: incompatible implicit declaration of built-in function 'exit'
conftest.c:4:3: note: include '<stdlib.h>' or provide a declaration of 'exit'
configure:19925: $? = 0
configure:19928: gfortran -g -O2 -c conftestf.f
configure:19931: $? = 0
configure:19934: gfortran -o conftest -g -O2 -L/usr/local/netcdf4/lib conftestf.o conftest.o  
configure:19937: $? = 0
configure:19940: ./conftest
configure:19943: $? = 0
configure:19945: result: yes
configure:19979: checking if Fortran "real" is C "float"
configure:19989: gcc -c -I/usr/local/netcdf4/include -g -O2 conftest.c
conftest.c: In function 'sub_':
conftest.c:4:3: warning: implicit declaration of function 'exit' [-Wimplicit-function-declaration]
   exit(values[1] != -2 || values[2] != -3);
   ^
conftest.c:4:3: warning: incompatible implicit declaration of built-in function 'exit'
conftest.c:4:3: note: include '<stdlib.h>' or provide a declaration of 'exit'
configure:19992: $? = 0
configure:19995: gfortran -g -O2 -c conftestf.f
configure:19998: $? = 0
configure:20001: gfortran -o conftest -g -O2 -L/usr/local/netcdf4/lib conftestf.o conftest.o  
configure:20004: $? = 0
configure:20007: ./conftest
configure:20010: $? = 0
configure:20012: result: yes
configure:20046: checking if Fortran "doubleprecision" is C "double"
configure:20056: gcc -c -I/usr/local/netcdf4/include -g -O2 conftest.c
conftest.c: In function 'sub_':
conftest.c:4:3: warning: implicit declaration of function 'exit' [-Wimplicit-function-declaration]
   exit(values[1] != -2 || values[2] != -3);
   ^
conftest.c:4:3: warning: incompatible implicit declaration of built-in function 'exit'
conftest.c:4:3: note: include '<stdlib.h>' or provide a declaration of 'exit'
configure:20059: $? = 0
configure:20062: gfortran -g -O2 -c conftestf.f
configure:20065: $? = 0
configure:20068: gfortran -o conftest -g -O2 -L/usr/local/netcdf4/lib conftestf.o conftest.o  
configure:20071: $? = 0
configure:20074: ./conftest
configure:20077: $? = 0
configure:20079: result: yes
configure:20107: checking for Fortran-equivalent to netCDF "byte"
configure:20115: gfortran -c -g -O2 conftest.f
configure:20118: $? = 0
configure:20129: result: byte
configure:20135: checking for Fortran-equivalent to netCDF "short"
configure:20143: gfortran -c -g -O2 conftest.f
configure:20146: $? = 0
configure:20157: result: integer*2
configure:20250: checking whether extra example tests should be run
configure:20258: result: no
configure:20271: checking whether a win32 DLL is desired
configure:20279: result: no
configure:20295: checking types, headers, and functions
configure:20301: checking netcdf.h usability
configure:20301: gcc -c -g -O2 -I/usr/local/netcdf4/include conftest.c >&5
configure:20301: $? = 0
configure:20301: result: yes
configure:20301: checking netcdf.h presence
configure:20301: gcc -E -I/usr/local/netcdf4/include conftest.c
configure:20301: $? = 0
configure:20301: result: yes
configure:20301: checking for netcdf.h
configure:20301: result: yes
configure:20313: checking for library containing nc_open
configure:20344: gcc -o conftest -g -O2 -I/usr/local/netcdf4/include -L/usr/local/netcdf4/lib conftest.c  >&5
/tmp/ccE3hixD.o: In function `main':
/home/dalaoshe/MCT/examples/baseCpl/lib/netcdf-fortran-4.4.4/conftest.c:48: undefined reference to `nc_open'
collect2: error: ld returned 1 exit status
configure:20344: $? = 1
configure: failed program was:
| /* confdefs.h */
| #define PACKAGE_NAME "netCDF-Fortran"
| #define PACKAGE_TARNAME "netcdf-fortran"
| #define PACKAGE_VERSION "4.4.4"
| #define PACKAGE_STRING "netCDF-Fortran 4.4.4"
| #define PACKAGE_BUGREPORT "support-netcdf@unidata.ucar.edu"
| #define PACKAGE_URL ""
| #define PACKAGE "netcdf-fortran"
| #define VERSION "4.4.4"
| #define HAVE_F2008 1
| #define HAVE_TS29113_SUPPORT 1
| #define TEMP_LARGE "."
| #define STDC_HEADERS 1
| #define HAVE_SYS_TYPES_H 1
| #define HAVE_SYS_STAT_H 1
| #define HAVE_STDLIB_H 1
| #define HAVE_STRING_H 1
| #define HAVE_MEMORY_H 1
| #define HAVE_STRINGS_H 1
| #define HAVE_INTTYPES_H 1
| #define HAVE_STDINT_H 1
| #define HAVE_UNISTD_H 1
| #define HAVE_DLFCN_H 1
| #define LT_OBJDIR ".libs/"
| #define pgiFortran 1
| #define NF_INT1_T byte
| #define NF_INT2_T integer*2
| #define NF_INT1_IS_C_SIGNED_CHAR 1
| #define NF_INT2_IS_C_SHORT 1
| #define NF_INT_IS_C_INT 1
| #define NF_REAL_IS_C_FLOAT 1
| #define NF_DOUBLEPRECISION_IS_C_DOUBLE 1
| #define NCBYTE_T byte
| #define NCSHORT_T integer*2
| #define HAVE_NETCDF_H 1
| /* end confdefs.h.  */
| 
| /* Override any GCC internal prototype to avoid an error.
|    Use char because int might match the return type of a GCC
|    builtin and then its argument prototype would still apply.  */
| #ifdef __cplusplus
| extern "C"
| #endif
| char nc_open ();
| int
| main ()
| {
| return nc_open ();
|   ;
|   return 0;
| }
configure:20344: gcc -o conftest -g -O2 -I/usr/local/netcdf4/include -L/usr/local/netcdf4/lib conftest.c -lnetcdf   >&5
configure:20344: $? = 0
configure:20361: result: -lnetcdf
configure:20374: checking for nc_def_opaque
configure:20374: gcc -o conftest -g -O2 -I/usr/local/netcdf4/include -L/usr/local/netcdf4/lib conftest.c -lnetcdf  >&5
configure:20374: $? = 0
configure:20374: result: yes
configure:20374: checking for nccreate
configure:20374: gcc -o conftest -g -O2 -I/usr/local/netcdf4/include -L/usr/local/netcdf4/lib conftest.c -lnetcdf  >&5
configure:20374: $? = 0
configure:20374: result: yes
configure:20374: checking for nc_set_log_level
configure:20374: gcc -o conftest -g -O2 -I/usr/local/netcdf4/include -L/usr/local/netcdf4/lib conftest.c -lnetcdf  >&5
/tmp/ccxshOKX.o: In function `main':
/home/dalaoshe/MCT/examples/baseCpl/lib/netcdf-fortran-4.4.4/conftest.c:73: undefined reference to `nc_set_log_level'
collect2: error: ld returned 1 exit status
configure:20374: $? = 1
configure: failed program was:
| /* confdefs.h */
| #define PACKAGE_NAME "netCDF-Fortran"
| #define PACKAGE_TARNAME "netcdf-fortran"
| #define PACKAGE_VERSION "4.4.4"
| #define PACKAGE_STRING "netCDF-Fortran 4.4.4"
| #define PACKAGE_BUGREPORT "support-netcdf@unidata.ucar.edu"
| #define PACKAGE_URL ""
| #define PACKAGE "netcdf-fortran"
| #define VERSION "4.4.4"
| #define HAVE_F2008 1
| #define HAVE_TS29113_SUPPORT 1
| #define TEMP_LARGE "."
| #define STDC_HEADERS 1
| #define HAVE_SYS_TYPES_H 1
| #define HAVE_SYS_STAT_H 1
| #define HAVE_STDLIB_H 1
| #define HAVE_STRING_H 1
| #define HAVE_MEMORY_H 1
| #define HAVE_STRINGS_H 1
| #define HAVE_INTTYPES_H 1
| #define HAVE_STDINT_H 1
| #define HAVE_UNISTD_H 1
| #define HAVE_DLFCN_H 1
| #define LT_OBJDIR ".libs/"
| #define pgiFortran 1
| #define NF_INT1_T byte
| #define NF_INT2_T integer*2
| #define NF_INT1_IS_C_SIGNED_CHAR 1
| #define NF_INT2_IS_C_SHORT 1
| #define NF_INT_IS_C_INT 1
| #define NF_REAL_IS_C_FLOAT 1
| #define NF_DOUBLEPRECISION_IS_C_DOUBLE 1
| #define NCBYTE_T byte
| #define NCSHORT_T integer*2
| #define HAVE_NETCDF_H 1
| #define HAVE_NC_DEF_OPAQUE 1
| #define HAVE_NCCREATE 1
| /* end confdefs.h.  */
| /* Define nc_set_log_level to an innocuous variant, in case <limits.h> declares nc_set_log_level.
|    For example, HP-UX 11i <limits.h> declares gettimeofday.  */
| #define nc_set_log_level innocuous_nc_set_log_level
| 
| /* System header to define __stub macros and hopefully few prototypes,
|     which can conflict with char nc_set_log_level (); below.
|     Prefer <limits.h> to <assert.h> if __STDC__ is defined, since
|     <limits.h> exists even on freestanding compilers.  */
| 
| #ifdef __STDC__
| # include <limits.h>
| #else
| # include <assert.h>
| #endif
| 
| #undef nc_set_log_level
| 
| /* Override any GCC internal prototype to avoid an error.
|    Use char because int might match the return type of a GCC
|    builtin and then its argument prototype would still apply.  */
| #ifdef __cplusplus
| extern "C"
| #endif
| char nc_set_log_level ();
| /* The GNU C library defines this for functions which it implements
|     to always fail with ENOSYS.  Some functions are actually named
|     something starting with __ and the normal name is an alias.  */
| #if defined __stub_nc_set_log_level || defined __stub___nc_set_log_level
| choke me
| #endif
| 
| int
| main ()
| {
| return nc_set_log_level ();
|   ;
|   return 0;
| }
configure:20374: result: no
configure:20374: checking for oc_open
configure:20374: gcc -o conftest -g -O2 -I/usr/local/netcdf4/include -L/usr/local/netcdf4/lib conftest.c -lnetcdf  >&5
configure:20374: $? = 0
configure:20374: result: yes
configure:20374: checking for nc_use_parallel_enabled
configure:20374: gcc -o conftest -g -O2 -I/usr/local/netcdf4/include -L/usr/local/netcdf4/lib conftest.c -lnetcdf  >&5
/tmp/ccj8b0N5.o: In function `main':
/home/dalaoshe/MCT/examples/baseCpl/lib/netcdf-fortran-4.4.4/conftest.c:74: undefined reference to `nc_use_parallel_enabled'
collect2: error: ld returned 1 exit status
configure:20374: $? = 1
configure: failed program was:
| /* confdefs.h */
| #define PACKAGE_NAME "netCDF-Fortran"
| #define PACKAGE_TARNAME "netcdf-fortran"
| #define PACKAGE_VERSION "4.4.4"
| #define PACKAGE_STRING "netCDF-Fortran 4.4.4"
| #define PACKAGE_BUGREPORT "support-netcdf@unidata.ucar.edu"
| #define PACKAGE_URL ""
| #define PACKAGE "netcdf-fortran"
| #define VERSION "4.4.4"
| #define HAVE_F2008 1
| #define HAVE_TS29113_SUPPORT 1
| #define TEMP_LARGE "."
| #define STDC_HEADERS 1
| #define HAVE_SYS_TYPES_H 1
| #define HAVE_SYS_STAT_H 1
| #define HAVE_STDLIB_H 1
| #define HAVE_STRING_H 1
| #define HAVE_MEMORY_H 1
| #define HAVE_STRINGS_H 1
| #define HAVE_INTTYPES_H 1
| #define HAVE_STDINT_H 1
| #define HAVE_UNISTD_H 1
| #define HAVE_DLFCN_H 1
| #define LT_OBJDIR ".libs/"
| #define pgiFortran 1
| #define NF_INT1_T byte
| #define NF_INT2_T integer*2
| #define NF_INT1_IS_C_SIGNED_CHAR 1
| #define NF_INT2_IS_C_SHORT 1
| #define NF_INT_IS_C_INT 1
| #define NF_REAL_IS_C_FLOAT 1
| #define NF_DOUBLEPRECISION_IS_C_DOUBLE 1
| #define NCBYTE_T byte
| #define NCSHORT_T integer*2
| #define HAVE_NETCDF_H 1
| #define HAVE_NC_DEF_OPAQUE 1
| #define HAVE_NCCREATE 1
| #define HAVE_OC_OPEN 1
| /* end confdefs.h.  */
| /* Define nc_use_parallel_enabled to an innocuous variant, in case <limits.h> declares nc_use_parallel_enabled.
|    For example, HP-UX 11i <limits.h> declares gettimeofday.  */
| #define nc_use_parallel_enabled innocuous_nc_use_parallel_enabled
| 
| /* System header to define __stub macros and hopefully few prototypes,
|     which can conflict with char nc_use_parallel_enabled (); below.
|     Prefer <limits.h> to <assert.h> if __STDC__ is defined, since
|     <limits.h> exists even on freestanding compilers.  */
| 
| #ifdef __STDC__
| # include <limits.h>
| #else
| # include <assert.h>
| #endif
| 
| #undef nc_use_parallel_enabled
| 
| /* Override any GCC internal prototype to avoid an error.
|    Use char because int might match the return type of a GCC
|    builtin and then its argument prototype would still apply.  */
| #ifdef __cplusplus
| extern "C"
| #endif
| char nc_use_parallel_enabled ();
| /* The GNU C library defines this for functions which it implements
|     to always fail with ENOSYS.  Some functions are actually named
|     something starting with __ and the normal name is an alias.  */
| #if defined __stub_nc_use_parallel_enabled || defined __stub___nc_use_parallel_enabled
| choke me
| #endif
| 
| int
| main ()
| {
| return nc_use_parallel_enabled ();
|   ;
|   return 0;
| }
configure:20374: result: no
configure:20413: checking netCDF v2 API present
configure:20415: result: yes
configure:20417: checking netCDF-4 present
configure:20419: result: yes
configure:20462: checking for stdlib.h
configure:20462: result: yes
configure:20472: checking for sys/types.h
configure:20472: result: yes
configure:20484: checking sys/param.h usability
configure:20484: gcc -c -g -O2 -I/usr/local/netcdf4/include conftest.c >&5
configure:20484: $? = 0
configure:20484: result: yes
configure:20484: checking sys/param.h presence
configure:20484: gcc -E -I/usr/local/netcdf4/include conftest.c
configure:20484: $? = 0
configure:20484: result: yes
configure:20484: checking for sys/param.h
configure:20484: result: yes
configure:20499: checking locale.h usability
configure:20499: gcc -c -g -O2 -I/usr/local/netcdf4/include conftest.c >&5
configure:20499: $? = 0
configure:20499: result: yes
configure:20499: checking locale.h presence
configure:20499: gcc -E -I/usr/local/netcdf4/include conftest.c
configure:20499: $? = 0
configure:20499: result: yes
configure:20499: checking for locale.h
configure:20499: result: yes
configure:20499: checking stdio.h usability
configure:20499: gcc -c -g -O2 -I/usr/local/netcdf4/include conftest.c >&5
configure:20499: $? = 0
configure:20499: result: yes
configure:20499: checking stdio.h presence
configure:20499: gcc -E -I/usr/local/netcdf4/include conftest.c
configure:20499: $? = 0
configure:20499: result: yes
configure:20499: checking for stdio.h
configure:20499: result: yes
configure:20499: checking stdarg.h usability
configure:20499: gcc -c -g -O2 -I/usr/local/netcdf4/include conftest.c >&5
configure:20499: $? = 0
configure:20499: result: yes
configure:20499: checking stdarg.h presence
configure:20499: gcc -E -I/usr/local/netcdf4/include conftest.c
configure:20499: $? = 0
configure:20499: result: yes
configure:20499: checking for stdarg.h
configure:20499: result: yes
configure:20499: checking errno.h usability
configure:20499: gcc -c -g -O2 -I/usr/local/netcdf4/include conftest.c >&5
configure:20499: $? = 0
configure:20499: result: yes
configure:20499: checking errno.h presence
configure:20499: gcc -E -I/usr/local/netcdf4/include conftest.c
configure:20499: $? = 0
configure:20499: result: yes
configure:20499: checking for errno.h
configure:20499: result: yes
configure:20499: checking ctype.h usability
configure:20499: gcc -c -g -O2 -I/usr/local/netcdf4/include conftest.c >&5
configure:20499: $? = 0
configure:20499: result: yes
configure:20499: checking ctype.h presence
configure:20499: gcc -E -I/usr/local/netcdf4/include conftest.c
configure:20499: $? = 0
configure:20499: result: yes
configure:20499: checking for ctype.h
configure:20499: result: yes
configure:20499: checking fcntl.h usability
configure:20499: gcc -c -g -O2 -I/usr/local/netcdf4/include conftest.c >&5
configure:20499: $? = 0
configure:20499: result: yes
configure:20499: checking fcntl.h presence
configure:20499: gcc -E -I/usr/local/netcdf4/include conftest.c
configure:20499: $? = 0
configure:20499: result: yes
configure:20499: checking for fcntl.h
configure:20499: result: yes
configure:20499: checking malloc.h usability
configure:20499: gcc -c -g -O2 -I/usr/local/netcdf4/include conftest.c >&5
configure:20499: $? = 0
configure:20499: result: yes
configure:20499: checking malloc.h presence
configure:20499: gcc -E -I/usr/local/netcdf4/include conftest.c
configure:20499: $? = 0
configure:20499: result: yes
configure:20499: checking for malloc.h
configure:20499: result: yes
configure:20499: checking for stdlib.h
configure:20499: result: yes
configure:20499: checking for string.h
configure:20499: result: yes
configure:20499: checking for strings.h
configure:20499: result: yes
configure:20499: checking for unistd.h
configure:20499: result: yes
configure:20499: checking for sys/stat.h
configure:20499: result: yes
configure:20499: checking getopt.h usability
configure:20499: gcc -c -g -O2 -I/usr/local/netcdf4/include conftest.c >&5
configure:20499: $? = 0
configure:20499: result: yes
configure:20499: checking getopt.h presence
configure:20499: gcc -E -I/usr/local/netcdf4/include conftest.c
configure:20499: $? = 0
configure:20499: result: yes
configure:20499: checking for getopt.h
configure:20499: result: yes
configure:20499: checking sys/time.h usability
configure:20499: gcc -c -g -O2 -I/usr/local/netcdf4/include conftest.c >&5
configure:20499: $? = 0
configure:20499: result: yes
configure:20499: checking sys/time.h presence
configure:20499: gcc -E -I/usr/local/netcdf4/include conftest.c
configure:20499: $? = 0
configure:20499: result: yes
configure:20499: checking for sys/time.h
configure:20499: result: yes
configure:20499: checking sys/resource.h usability
configure:20499: gcc -c -g -O2 -I/usr/local/netcdf4/include conftest.c >&5
configure:20499: $? = 0
configure:20499: result: yes
configure:20499: checking sys/resource.h presence
configure:20499: gcc -E -I/usr/local/netcdf4/include conftest.c
configure:20499: $? = 0
configure:20499: result: yes
configure:20499: checking for sys/resource.h
configure:20499: result: yes
configure:20512: checking for dirent.h that defines DIR
configure:20531: gcc -c -g -O2 -I/usr/local/netcdf4/include conftest.c >&5
configure:20531: $? = 0
configure:20539: result: yes
configure:20552: checking for library containing opendir
configure:20583: gcc -o conftest -g -O2 -I/usr/local/netcdf4/include -L/usr/local/netcdf4/lib conftest.c -lnetcdf  >&5
configure:20583: $? = 0
configure:20600: result: none required
configure:20667: checking for ANSI C header files
configure:20771: result: yes
configure:20779: checking for sys/wait.h that is POSIX.1 compatible
configure:20805: gcc -c -g -O2 -I/usr/local/netcdf4/include conftest.c >&5
configure:20805: $? = 0
configure:20812: result: yes
configure:20820: checking whether time.h and sys/time.h may both be included
configure:20840: gcc -c -g -O2 -I/usr/local/netcdf4/include conftest.c >&5
configure:20840: $? = 0
configure:20847: result: yes
configure:20858: checking for vprintf
configure:20858: gcc -o conftest -g -O2 -I/usr/local/netcdf4/include -L/usr/local/netcdf4/lib conftest.c -lnetcdf  >&5
conftest.c:84:6: warning: conflicting types for built-in function 'vprintf'
 char vprintf ();
      ^
configure:20858: $? = 0
configure:20858: result: yes
configure:20864: checking for _doprnt
configure:20864: gcc -o conftest -g -O2 -I/usr/local/netcdf4/include -L/usr/local/netcdf4/lib conftest.c -lnetcdf  >&5
/tmp/ccoHSgR3.o: In function `main':
/home/dalaoshe/MCT/examples/baseCpl/lib/netcdf-fortran-4.4.4/conftest.c:96: undefined reference to `_doprnt'
collect2: error: ld returned 1 exit status
configure:20864: $? = 1
configure: failed program was:
| /* confdefs.h */
| #define PACKAGE_NAME "netCDF-Fortran"
| #define PACKAGE_TARNAME "netcdf-fortran"
| #define PACKAGE_VERSION "4.4.4"
| #define PACKAGE_STRING "netCDF-Fortran 4.4.4"
| #define PACKAGE_BUGREPORT "support-netcdf@unidata.ucar.edu"
| #define PACKAGE_URL ""
| #define PACKAGE "netcdf-fortran"
| #define VERSION "4.4.4"
| #define HAVE_F2008 1
| #define HAVE_TS29113_SUPPORT 1
| #define TEMP_LARGE "."
| #define STDC_HEADERS 1
| #define HAVE_SYS_TYPES_H 1
| #define HAVE_SYS_STAT_H 1
| #define HAVE_STDLIB_H 1
| #define HAVE_STRING_H 1
| #define HAVE_MEMORY_H 1
| #define HAVE_STRINGS_H 1
| #define HAVE_INTTYPES_H 1
| #define HAVE_STDINT_H 1
| #define HAVE_UNISTD_H 1
| #define HAVE_DLFCN_H 1
| #define LT_OBJDIR ".libs/"
| #define pgiFortran 1
| #define NF_INT1_T byte
| #define NF_INT2_T integer*2
| #define NF_INT1_IS_C_SIGNED_CHAR 1
| #define NF_INT2_IS_C_SHORT 1
| #define NF_INT_IS_C_INT 1
| #define NF_REAL_IS_C_FLOAT 1
| #define NF_DOUBLEPRECISION_IS_C_DOUBLE 1
| #define NCBYTE_T byte
| #define NCSHORT_T integer*2
| #define HAVE_NETCDF_H 1
| #define HAVE_NC_DEF_OPAQUE 1
| #define HAVE_NCCREATE 1
| #define HAVE_OC_OPEN 1
| #define USE_NETCDF4 1
| #define HAVE_SYS_PARAM_H 1
| #define HAVE_LOCALE_H 1
| #define HAVE_STDIO_H 1
| #define HAVE_STDARG_H 1
| #define HAVE_ERRNO_H 1
| #define HAVE_CTYPE_H 1
| #define HAVE_FCNTL_H 1
| #define HAVE_MALLOC_H 1
| #define HAVE_STDLIB_H 1
| #define HAVE_STRING_H 1
| #define HAVE_STRINGS_H 1
| #define HAVE_UNISTD_H 1
| #define HAVE_SYS_STAT_H 1
| #define HAVE_GETOPT_H 1
| #define HAVE_SYS_TIME_H 1
| #define HAVE_SYS_RESOURCE_H 1
| #define HAVE_DIRENT_H 1
| #define STDC_HEADERS 1
| #define HAVE_SYS_WAIT_H 1
| #define TIME_WITH_SYS_TIME 1
| #define HAVE_VPRINTF 1
| /* end confdefs.h.  */
| /* Define _doprnt to an innocuous variant, in case <limits.h> declares _doprnt.
|    For example, HP-UX 11i <limits.h> declares gettimeofday.  */
| #define _doprnt innocuous__doprnt
| 
| /* System header to define __stub macros and hopefully few prototypes,
|     which can conflict with char _doprnt (); below.
|     Prefer <limits.h> to <assert.h> if __STDC__ is defined, since
|     <limits.h> exists even on freestanding compilers.  */
| 
| #ifdef __STDC__
| # include <limits.h>
| #else
| # include <assert.h>
| #endif
| 
| #undef _doprnt
| 
| /* Override any GCC internal prototype to avoid an error.
|    Use char because int might match the return type of a GCC
|    builtin and then its argument prototype would still apply.  */
| #ifdef __cplusplus
| extern "C"
| #endif
| char _doprnt ();
| /* The GNU C library defines this for functions which it implements
|     to always fail with ENOSYS.  Some functions are actually named
|     something starting with __ and the normal name is an alias.  */
| #if defined __stub__doprnt || defined __stub____doprnt
| choke me
| #endif
| 
| int
| main ()
| {
| return _doprnt ();
|   ;
|   return 0;
| }
configure:20864: result: no
configure:20877: checking for stdbool.h that conforms to C99
configure:20944: gcc -c -g -O2 -I/usr/local/netcdf4/include conftest.c >&5
configure:20944: $? = 0
configure:20951: result: yes
configure:20953: checking for _Bool
configure:20953: gcc -c -g -O2 -I/usr/local/netcdf4/include conftest.c >&5
configure:20953: $? = 0
configure:20953: gcc -c -g -O2 -I/usr/local/netcdf4/include conftest.c >&5
conftest.c: In function 'main':
conftest.c:98:20: error: expected expression before ')' token
 if (sizeof ((_Bool)))
                    ^
configure:20953: $? = 1
configure: failed program was:
| /* confdefs.h */
| #define PACKAGE_NAME "netCDF-Fortran"
| #define PACKAGE_TARNAME "netcdf-fortran"
| #define PACKAGE_VERSION "4.4.4"
| #define PACKAGE_STRING "netCDF-Fortran 4.4.4"
| #define PACKAGE_BUGREPORT "support-netcdf@unidata.ucar.edu"
| #define PACKAGE_URL ""
| #define PACKAGE "netcdf-fortran"
| #define VERSION "4.4.4"
| #define HAVE_F2008 1
| #define HAVE_TS29113_SUPPORT 1
| #define TEMP_LARGE "."
| #define STDC_HEADERS 1
| #define HAVE_SYS_TYPES_H 1
| #define HAVE_SYS_STAT_H 1
| #define HAVE_STDLIB_H 1
| #define HAVE_STRING_H 1
| #define HAVE_MEMORY_H 1
| #define HAVE_STRINGS_H 1
| #define HAVE_INTTYPES_H 1
| #define HAVE_STDINT_H 1
| #define HAVE_UNISTD_H 1
| #define HAVE_DLFCN_H 1
| #define LT_OBJDIR ".libs/"
| #define pgiFortran 1
| #define NF_INT1_T byte
| #define NF_INT2_T integer*2
| #define NF_INT1_IS_C_SIGNED_CHAR 1
| #define NF_INT2_IS_C_SHORT 1
| #define NF_INT_IS_C_INT 1
| #define NF_REAL_IS_C_FLOAT 1
| #define NF_DOUBLEPRECISION_IS_C_DOUBLE 1
| #define NCBYTE_T byte
| #define NCSHORT_T integer*2
| #define HAVE_NETCDF_H 1
| #define HAVE_NC_DEF_OPAQUE 1
| #define HAVE_NCCREATE 1
| #define HAVE_OC_OPEN 1
| #define USE_NETCDF4 1
| #define HAVE_SYS_PARAM_H 1
| #define HAVE_LOCALE_H 1
| #define HAVE_STDIO_H 1
| #define HAVE_STDARG_H 1
| #define HAVE_ERRNO_H 1
| #define HAVE_CTYPE_H 1
| #define HAVE_FCNTL_H 1
| #define HAVE_MALLOC_H 1
| #define HAVE_STDLIB_H 1
| #define HAVE_STRING_H 1
| #define HAVE_STRINGS_H 1
| #define HAVE_UNISTD_H 1
| #define HAVE_SYS_STAT_H 1
| #define HAVE_GETOPT_H 1
| #define HAVE_SYS_TIME_H 1
| #define HAVE_SYS_RESOURCE_H 1
| #define HAVE_DIRENT_H 1
| #define STDC_HEADERS 1
| #define HAVE_SYS_WAIT_H 1
| #define TIME_WITH_SYS_TIME 1
| #define HAVE_VPRINTF 1
| /* end confdefs.h.  */
| #include <stdio.h>
| #ifdef HAVE_SYS_TYPES_H
| # include <sys/types.h>
| #endif
| #ifdef HAVE_SYS_STAT_H
| # include <sys/stat.h>
| #endif
| #ifdef STDC_HEADERS
| # include <stdlib.h>
| # include <stddef.h>
| #else
| # ifdef HAVE_STDLIB_H
| #  include <stdlib.h>
| # endif
| #endif
| #ifdef HAVE_STRING_H
| # if !defined STDC_HEADERS && defined HAVE_MEMORY_H
| #  include <memory.h>
| # endif
| # include <string.h>
| #endif
| #ifdef HAVE_STRINGS_H
| # include <strings.h>
| #endif
| #ifdef HAVE_INTTYPES_H
| # include <inttypes.h>
| #endif
| #ifdef HAVE_STDINT_H
| # include <stdint.h>
| #endif
| #ifdef HAVE_UNISTD_H
| # include <unistd.h>
| #endif
| int
| main ()
| {
| if (sizeof ((_Bool)))
| 	    return 0;
|   ;
|   return 0;
| }
configure:20953: result: yes
configure:20974: checking for size_t
configure:20974: gcc -c -g -O2 -I/usr/local/netcdf4/include conftest.c >&5
configure:20974: $? = 0
configure:20974: gcc -c -g -O2 -I/usr/local/netcdf4/include conftest.c >&5
conftest.c: In function 'main':
conftest.c:100:21: error: expected expression before ')' token
 if (sizeof ((size_t)))
                     ^
configure:20974: $? = 1
configure: failed program was:
| /* confdefs.h */
| #define PACKAGE_NAME "netCDF-Fortran"
| #define PACKAGE_TARNAME "netcdf-fortran"
| #define PACKAGE_VERSION "4.4.4"
| #define PACKAGE_STRING "netCDF-Fortran 4.4.4"
| #define PACKAGE_BUGREPORT "support-netcdf@unidata.ucar.edu"
| #define PACKAGE_URL ""
| #define PACKAGE "netcdf-fortran"
| #define VERSION "4.4.4"
| #define HAVE_F2008 1
| #define HAVE_TS29113_SUPPORT 1
| #define TEMP_LARGE "."
| #define STDC_HEADERS 1
| #define HAVE_SYS_TYPES_H 1
| #define HAVE_SYS_STAT_H 1
| #define HAVE_STDLIB_H 1
| #define HAVE_STRING_H 1
| #define HAVE_MEMORY_H 1
| #define HAVE_STRINGS_H 1
| #define HAVE_INTTYPES_H 1
| #define HAVE_STDINT_H 1
| #define HAVE_UNISTD_H 1
| #define HAVE_DLFCN_H 1
| #define LT_OBJDIR ".libs/"
| #define pgiFortran 1
| #define NF_INT1_T byte
| #define NF_INT2_T integer*2
| #define NF_INT1_IS_C_SIGNED_CHAR 1
| #define NF_INT2_IS_C_SHORT 1
| #define NF_INT_IS_C_INT 1
| #define NF_REAL_IS_C_FLOAT 1
| #define NF_DOUBLEPRECISION_IS_C_DOUBLE 1
| #define NCBYTE_T byte
| #define NCSHORT_T integer*2
| #define HAVE_NETCDF_H 1
| #define HAVE_NC_DEF_OPAQUE 1
| #define HAVE_NCCREATE 1
| #define HAVE_OC_OPEN 1
| #define USE_NETCDF4 1
| #define HAVE_SYS_PARAM_H 1
| #define HAVE_LOCALE_H 1
| #define HAVE_STDIO_H 1
| #define HAVE_STDARG_H 1
| #define HAVE_ERRNO_H 1
| #define HAVE_CTYPE_H 1
| #define HAVE_FCNTL_H 1
| #define HAVE_MALLOC_H 1
| #define HAVE_STDLIB_H 1
| #define HAVE_STRING_H 1
| #define HAVE_STRINGS_H 1
| #define HAVE_UNISTD_H 1
| #define HAVE_SYS_STAT_H 1
| #define HAVE_GETOPT_H 1
| #define HAVE_SYS_TIME_H 1
| #define HAVE_SYS_RESOURCE_H 1
| #define HAVE_DIRENT_H 1
| #define STDC_HEADERS 1
| #define HAVE_SYS_WAIT_H 1
| #define TIME_WITH_SYS_TIME 1
| #define HAVE_VPRINTF 1
| #define HAVE__BOOL 1
| #define HAVE_STDBOOL_H 1
| /* end confdefs.h.  */
| #include <stdio.h>
| #ifdef HAVE_SYS_TYPES_H
| # include <sys/types.h>
| #endif
| #ifdef HAVE_SYS_STAT_H
| # include <sys/stat.h>
| #endif
| #ifdef STDC_HEADERS
| # include <stdlib.h>
| # include <stddef.h>
| #else
| # ifdef HAVE_STDLIB_H
| #  include <stdlib.h>
| # endif
| #endif
| #ifdef HAVE_STRING_H
| # if !defined STDC_HEADERS && defined HAVE_MEMORY_H
| #  include <memory.h>
| # endif
| # include <string.h>
| #endif
| #ifdef HAVE_STRINGS_H
| # include <strings.h>
| #endif
| #ifdef HAVE_INTTYPES_H
| # include <inttypes.h>
| #endif
| #ifdef HAVE_STDINT_H
| # include <stdint.h>
| #endif
| #ifdef HAVE_UNISTD_H
| # include <unistd.h>
| #endif
| int
| main ()
| {
| if (sizeof ((size_t)))
| 	    return 0;
|   ;
|   return 0;
| }
configure:20974: result: yes
configure:20987: checking for working alloca.h
configure:21004: gcc -o conftest -g -O2 -I/usr/local/netcdf4/include -L/usr/local/netcdf4/lib conftest.c -lnetcdf  >&5
configure:21004: $? = 0
configure:21012: result: yes
configure:21020: checking for alloca
configure:21057: gcc -o conftest -g -O2 -I/usr/local/netcdf4/include -L/usr/local/netcdf4/lib conftest.c -lnetcdf  >&5
configure:21057: $? = 0
configure:21065: result: yes
configure:21174: checking for size_t
configure:21174: result: yes
configure:21185: checking for off_t
configure:21185: gcc -c -g -O2 -I/usr/local/netcdf4/include conftest.c >&5
configure:21185: $? = 0
configure:21185: gcc -c -g -O2 -I/usr/local/netcdf4/include conftest.c >&5
conftest.c: In function 'main':
conftest.c:102:20: error: expected expression before ')' token
 if (sizeof ((off_t)))
                    ^
configure:21185: $? = 1
configure: failed program was:
| /* confdefs.h */
| #define PACKAGE_NAME "netCDF-Fortran"
| #define PACKAGE_TARNAME "netcdf-fortran"
| #define PACKAGE_VERSION "4.4.4"
| #define PACKAGE_STRING "netCDF-Fortran 4.4.4"
| #define PACKAGE_BUGREPORT "support-netcdf@unidata.ucar.edu"
| #define PACKAGE_URL ""
| #define PACKAGE "netcdf-fortran"
| #define VERSION "4.4.4"
| #define HAVE_F2008 1
| #define HAVE_TS29113_SUPPORT 1
| #define TEMP_LARGE "."
| #define STDC_HEADERS 1
| #define HAVE_SYS_TYPES_H 1
| #define HAVE_SYS_STAT_H 1
| #define HAVE_STDLIB_H 1
| #define HAVE_STRING_H 1
| #define HAVE_MEMORY_H 1
| #define HAVE_STRINGS_H 1
| #define HAVE_INTTYPES_H 1
| #define HAVE_STDINT_H 1
| #define HAVE_UNISTD_H 1
| #define HAVE_DLFCN_H 1
| #define LT_OBJDIR ".libs/"
| #define pgiFortran 1
| #define NF_INT1_T byte
| #define NF_INT2_T integer*2
| #define NF_INT1_IS_C_SIGNED_CHAR 1
| #define NF_INT2_IS_C_SHORT 1
| #define NF_INT_IS_C_INT 1
| #define NF_REAL_IS_C_FLOAT 1
| #define NF_DOUBLEPRECISION_IS_C_DOUBLE 1
| #define NCBYTE_T byte
| #define NCSHORT_T integer*2
| #define HAVE_NETCDF_H 1
| #define HAVE_NC_DEF_OPAQUE 1
| #define HAVE_NCCREATE 1
| #define HAVE_OC_OPEN 1
| #define USE_NETCDF4 1
| #define HAVE_SYS_PARAM_H 1
| #define HAVE_LOCALE_H 1
| #define HAVE_STDIO_H 1
| #define HAVE_STDARG_H 1
| #define HAVE_ERRNO_H 1
| #define HAVE_CTYPE_H 1
| #define HAVE_FCNTL_H 1
| #define HAVE_MALLOC_H 1
| #define HAVE_STDLIB_H 1
| #define HAVE_STRING_H 1
| #define HAVE_STRINGS_H 1
| #define HAVE_UNISTD_H 1
| #define HAVE_SYS_STAT_H 1
| #define HAVE_GETOPT_H 1
| #define HAVE_SYS_TIME_H 1
| #define HAVE_SYS_RESOURCE_H 1
| #define HAVE_DIRENT_H 1
| #define STDC_HEADERS 1
| #define HAVE_SYS_WAIT_H 1
| #define TIME_WITH_SYS_TIME 1
| #define HAVE_VPRINTF 1
| #define HAVE__BOOL 1
| #define HAVE_STDBOOL_H 1
| #define HAVE_ALLOCA_H 1
| #define HAVE_ALLOCA 1
| /* end confdefs.h.  */
| #include <stdio.h>
| #ifdef HAVE_SYS_TYPES_H
| # include <sys/types.h>
| #endif
| #ifdef HAVE_SYS_STAT_H
| # include <sys/stat.h>
| #endif
| #ifdef STDC_HEADERS
| # include <stdlib.h>
| # include <stddef.h>
| #else
| # ifdef HAVE_STDLIB_H
| #  include <stdlib.h>
| # endif
| #endif
| #ifdef HAVE_STRING_H
| # if !defined STDC_HEADERS && defined HAVE_MEMORY_H
| #  include <memory.h>
| # endif
| # include <string.h>
| #endif
| #ifdef HAVE_STRINGS_H
| # include <strings.h>
| #endif
| #ifdef HAVE_INTTYPES_H
| # include <inttypes.h>
| #endif
| #ifdef HAVE_STDINT_H
| # include <stdint.h>
| #endif
| #ifdef HAVE_UNISTD_H
| # include <unistd.h>
| #endif
| int
| main ()
| {
| if (sizeof ((off_t)))
| 	    return 0;
|   ;
|   return 0;
| }
configure:21185: result: yes
configure:21196: checking for ssize_t
configure:21196: gcc -c -g -O2 -I/usr/local/netcdf4/include conftest.c >&5
configure:21196: $? = 0
configure:21196: gcc -c -g -O2 -I/usr/local/netcdf4/include conftest.c >&5
conftest.c: In function 'main':
conftest.c:102:22: error: expected expression before ')' token
 if (sizeof ((ssize_t)))
                      ^
configure:21196: $? = 1
configure: failed program was:
| /* confdefs.h */
| #define PACKAGE_NAME "netCDF-Fortran"
| #define PACKAGE_TARNAME "netcdf-fortran"
| #define PACKAGE_VERSION "4.4.4"
| #define PACKAGE_STRING "netCDF-Fortran 4.4.4"
| #define PACKAGE_BUGREPORT "support-netcdf@unidata.ucar.edu"
| #define PACKAGE_URL ""
| #define PACKAGE "netcdf-fortran"
| #define VERSION "4.4.4"
| #define HAVE_F2008 1
| #define HAVE_TS29113_SUPPORT 1
| #define TEMP_LARGE "."
| #define STDC_HEADERS 1
| #define HAVE_SYS_TYPES_H 1
| #define HAVE_SYS_STAT_H 1
| #define HAVE_STDLIB_H 1
| #define HAVE_STRING_H 1
| #define HAVE_MEMORY_H 1
| #define HAVE_STRINGS_H 1
| #define HAVE_INTTYPES_H 1
| #define HAVE_STDINT_H 1
| #define HAVE_UNISTD_H 1
| #define HAVE_DLFCN_H 1
| #define LT_OBJDIR ".libs/"
| #define pgiFortran 1
| #define NF_INT1_T byte
| #define NF_INT2_T integer*2
| #define NF_INT1_IS_C_SIGNED_CHAR 1
| #define NF_INT2_IS_C_SHORT 1
| #define NF_INT_IS_C_INT 1
| #define NF_REAL_IS_C_FLOAT 1
| #define NF_DOUBLEPRECISION_IS_C_DOUBLE 1
| #define NCBYTE_T byte
| #define NCSHORT_T integer*2
| #define HAVE_NETCDF_H 1
| #define HAVE_NC_DEF_OPAQUE 1
| #define HAVE_NCCREATE 1
| #define HAVE_OC_OPEN 1
| #define USE_NETCDF4 1
| #define HAVE_SYS_PARAM_H 1
| #define HAVE_LOCALE_H 1
| #define HAVE_STDIO_H 1
| #define HAVE_STDARG_H 1
| #define HAVE_ERRNO_H 1
| #define HAVE_CTYPE_H 1
| #define HAVE_FCNTL_H 1
| #define HAVE_MALLOC_H 1
| #define HAVE_STDLIB_H 1
| #define HAVE_STRING_H 1
| #define HAVE_STRINGS_H 1
| #define HAVE_UNISTD_H 1
| #define HAVE_SYS_STAT_H 1
| #define HAVE_GETOPT_H 1
| #define HAVE_SYS_TIME_H 1
| #define HAVE_SYS_RESOURCE_H 1
| #define HAVE_DIRENT_H 1
| #define STDC_HEADERS 1
| #define HAVE_SYS_WAIT_H 1
| #define TIME_WITH_SYS_TIME 1
| #define HAVE_VPRINTF 1
| #define HAVE__BOOL 1
| #define HAVE_STDBOOL_H 1
| #define HAVE_ALLOCA_H 1
| #define HAVE_ALLOCA 1
| /* end confdefs.h.  */
| #include <stdio.h>
| #ifdef HAVE_SYS_TYPES_H
| # include <sys/types.h>
| #endif
| #ifdef HAVE_SYS_STAT_H
| # include <sys/stat.h>
| #endif
| #ifdef STDC_HEADERS
| # include <stdlib.h>
| # include <stddef.h>
| #else
| # ifdef HAVE_STDLIB_H
| #  include <stdlib.h>
| # endif
| #endif
| #ifdef HAVE_STRING_H
| # if !defined STDC_HEADERS && defined HAVE_MEMORY_H
| #  include <memory.h>
| # endif
| # include <string.h>
| #endif
| #ifdef HAVE_STRINGS_H
| # include <strings.h>
| #endif
| #ifdef HAVE_INTTYPES_H
| # include <inttypes.h>
| #endif
| #ifdef HAVE_STDINT_H
| # include <stdint.h>
| #endif
| #ifdef HAVE_UNISTD_H
| # include <unistd.h>
| #endif
| int
| main ()
| {
| if (sizeof ((ssize_t)))
| 	    return 0;
|   ;
|   return 0;
| }
configure:21196: result: yes
configure:21205: checking for ptrdiff_t
configure:21205: gcc -c -g -O2 -I/usr/local/netcdf4/include conftest.c >&5
configure:21205: $? = 0
configure:21205: gcc -c -g -O2 -I/usr/local/netcdf4/include conftest.c >&5
conftest.c: In function 'main':
conftest.c:103:24: error: expected expression before ')' token
 if (sizeof ((ptrdiff_t)))
                        ^
configure:21205: $? = 1
configure: failed program was:
| /* confdefs.h */
| #define PACKAGE_NAME "netCDF-Fortran"
| #define PACKAGE_TARNAME "netcdf-fortran"
| #define PACKAGE_VERSION "4.4.4"
| #define PACKAGE_STRING "netCDF-Fortran 4.4.4"
| #define PACKAGE_BUGREPORT "support-netcdf@unidata.ucar.edu"
| #define PACKAGE_URL ""
| #define PACKAGE "netcdf-fortran"
| #define VERSION "4.4.4"
| #define HAVE_F2008 1
| #define HAVE_TS29113_SUPPORT 1
| #define TEMP_LARGE "."
| #define STDC_HEADERS 1
| #define HAVE_SYS_TYPES_H 1
| #define HAVE_SYS_STAT_H 1
| #define HAVE_STDLIB_H 1
| #define HAVE_STRING_H 1
| #define HAVE_MEMORY_H 1
| #define HAVE_STRINGS_H 1
| #define HAVE_INTTYPES_H 1
| #define HAVE_STDINT_H 1
| #define HAVE_UNISTD_H 1
| #define HAVE_DLFCN_H 1
| #define LT_OBJDIR ".libs/"
| #define pgiFortran 1
| #define NF_INT1_T byte
| #define NF_INT2_T integer*2
| #define NF_INT1_IS_C_SIGNED_CHAR 1
| #define NF_INT2_IS_C_SHORT 1
| #define NF_INT_IS_C_INT 1
| #define NF_REAL_IS_C_FLOAT 1
| #define NF_DOUBLEPRECISION_IS_C_DOUBLE 1
| #define NCBYTE_T byte
| #define NCSHORT_T integer*2
| #define HAVE_NETCDF_H 1
| #define HAVE_NC_DEF_OPAQUE 1
| #define HAVE_NCCREATE 1
| #define HAVE_OC_OPEN 1
| #define USE_NETCDF4 1
| #define HAVE_SYS_PARAM_H 1
| #define HAVE_LOCALE_H 1
| #define HAVE_STDIO_H 1
| #define HAVE_STDARG_H 1
| #define HAVE_ERRNO_H 1
| #define HAVE_CTYPE_H 1
| #define HAVE_FCNTL_H 1
| #define HAVE_MALLOC_H 1
| #define HAVE_STDLIB_H 1
| #define HAVE_STRING_H 1
| #define HAVE_STRINGS_H 1
| #define HAVE_UNISTD_H 1
| #define HAVE_SYS_STAT_H 1
| #define HAVE_GETOPT_H 1
| #define HAVE_SYS_TIME_H 1
| #define HAVE_SYS_RESOURCE_H 1
| #define HAVE_DIRENT_H 1
| #define STDC_HEADERS 1
| #define HAVE_SYS_WAIT_H 1
| #define TIME_WITH_SYS_TIME 1
| #define HAVE_VPRINTF 1
| #define HAVE__BOOL 1
| #define HAVE_STDBOOL_H 1
| #define HAVE_ALLOCA_H 1
| #define HAVE_ALLOCA 1
| #define HAVE_SSIZE_T 1
| /* end confdefs.h.  */
| #include <stdio.h>
| #ifdef HAVE_SYS_TYPES_H
| # include <sys/types.h>
| #endif
| #ifdef HAVE_SYS_STAT_H
| # include <sys/stat.h>
| #endif
| #ifdef STDC_HEADERS
| # include <stdlib.h>
| # include <stddef.h>
| #else
| # ifdef HAVE_STDLIB_H
| #  include <stdlib.h>
| # endif
| #endif
| #ifdef HAVE_STRING_H
| # if !defined STDC_HEADERS && defined HAVE_MEMORY_H
| #  include <memory.h>
| # endif
| # include <string.h>
| #endif
| #ifdef HAVE_STRINGS_H
| # include <strings.h>
| #endif
| #ifdef HAVE_INTTYPES_H
| # include <inttypes.h>
| #endif
| #ifdef HAVE_STDINT_H
| # include <stdint.h>
| #endif
| #ifdef HAVE_UNISTD_H
| # include <unistd.h>
| #endif
| int
| main ()
| {
| if (sizeof ((ptrdiff_t)))
| 	    return 0;
|   ;
|   return 0;
| }
configure:21205: result: yes
configure:21214: checking for uchar
configure:21214: gcc -c -g -O2 -I/usr/local/netcdf4/include conftest.c >&5
conftest.c: In function 'main':
conftest.c:104:13: error: 'uchar' undeclared (first use in this function)
 if (sizeof (uchar))
             ^
conftest.c:104:13: note: each undeclared identifier is reported only once for each function it appears in
configure:21214: $? = 1
configure: failed program was:
| /* confdefs.h */
| #define PACKAGE_NAME "netCDF-Fortran"
| #define PACKAGE_TARNAME "netcdf-fortran"
| #define PACKAGE_VERSION "4.4.4"
| #define PACKAGE_STRING "netCDF-Fortran 4.4.4"
| #define PACKAGE_BUGREPORT "support-netcdf@unidata.ucar.edu"
| #define PACKAGE_URL ""
| #define PACKAGE "netcdf-fortran"
| #define VERSION "4.4.4"
| #define HAVE_F2008 1
| #define HAVE_TS29113_SUPPORT 1
| #define TEMP_LARGE "."
| #define STDC_HEADERS 1
| #define HAVE_SYS_TYPES_H 1
| #define HAVE_SYS_STAT_H 1
| #define HAVE_STDLIB_H 1
| #define HAVE_STRING_H 1
| #define HAVE_MEMORY_H 1
| #define HAVE_STRINGS_H 1
| #define HAVE_INTTYPES_H 1
| #define HAVE_STDINT_H 1
| #define HAVE_UNISTD_H 1
| #define HAVE_DLFCN_H 1
| #define LT_OBJDIR ".libs/"
| #define pgiFortran 1
| #define NF_INT1_T byte
| #define NF_INT2_T integer*2
| #define NF_INT1_IS_C_SIGNED_CHAR 1
| #define NF_INT2_IS_C_SHORT 1
| #define NF_INT_IS_C_INT 1
| #define NF_REAL_IS_C_FLOAT 1
| #define NF_DOUBLEPRECISION_IS_C_DOUBLE 1
| #define NCBYTE_T byte
| #define NCSHORT_T integer*2
| #define HAVE_NETCDF_H 1
| #define HAVE_NC_DEF_OPAQUE 1
| #define HAVE_NCCREATE 1
| #define HAVE_OC_OPEN 1
| #define USE_NETCDF4 1
| #define HAVE_SYS_PARAM_H 1
| #define HAVE_LOCALE_H 1
| #define HAVE_STDIO_H 1
| #define HAVE_STDARG_H 1
| #define HAVE_ERRNO_H 1
| #define HAVE_CTYPE_H 1
| #define HAVE_FCNTL_H 1
| #define HAVE_MALLOC_H 1
| #define HAVE_STDLIB_H 1
| #define HAVE_STRING_H 1
| #define HAVE_STRINGS_H 1
| #define HAVE_UNISTD_H 1
| #define HAVE_SYS_STAT_H 1
| #define HAVE_GETOPT_H 1
| #define HAVE_SYS_TIME_H 1
| #define HAVE_SYS_RESOURCE_H 1
| #define HAVE_DIRENT_H 1
| #define STDC_HEADERS 1
| #define HAVE_SYS_WAIT_H 1
| #define TIME_WITH_SYS_TIME 1
| #define HAVE_VPRINTF 1
| #define HAVE__BOOL 1
| #define HAVE_STDBOOL_H 1
| #define HAVE_ALLOCA_H 1
| #define HAVE_ALLOCA 1
| #define HAVE_SSIZE_T 1
| #define HAVE_PTRDIFF_T 1
| /* end confdefs.h.  */
| #include <stdio.h>
| #ifdef HAVE_SYS_TYPES_H
| # include <sys/types.h>
| #endif
| #ifdef HAVE_SYS_STAT_H
| # include <sys/stat.h>
| #endif
| #ifdef STDC_HEADERS
| # include <stdlib.h>
| # include <stddef.h>
| #else
| # ifdef HAVE_STDLIB_H
| #  include <stdlib.h>
| # endif
| #endif
| #ifdef HAVE_STRING_H
| # if !defined STDC_HEADERS && defined HAVE_MEMORY_H
| #  include <memory.h>
| # endif
| # include <string.h>
| #endif
| #ifdef HAVE_STRINGS_H
| # include <strings.h>
| #endif
| #ifdef HAVE_INTTYPES_H
| # include <inttypes.h>
| #endif
| #ifdef HAVE_STDINT_H
| # include <stdint.h>
| #endif
| #ifdef HAVE_UNISTD_H
| # include <unistd.h>
| #endif
| int
| main ()
| {
| if (sizeof (uchar))
| 	 return 0;
|   ;
|   return 0;
| }
configure:21214: result: no
configure:21223: checking for longlong
configure:21223: gcc -c -g -O2 -I/usr/local/netcdf4/include conftest.c >&5
conftest.c: In function 'main':
conftest.c:104:13: error: 'longlong' undeclared (first use in this function)
 if (sizeof (longlong))
             ^
conftest.c:104:13: note: each undeclared identifier is reported only once for each function it appears in
configure:21223: $? = 1
configure: failed program was:
| /* confdefs.h */
| #define PACKAGE_NAME "netCDF-Fortran"
| #define PACKAGE_TARNAME "netcdf-fortran"
| #define PACKAGE_VERSION "4.4.4"
| #define PACKAGE_STRING "netCDF-Fortran 4.4.4"
| #define PACKAGE_BUGREPORT "support-netcdf@unidata.ucar.edu"
| #define PACKAGE_URL ""
| #define PACKAGE "netcdf-fortran"
| #define VERSION "4.4.4"
| #define HAVE_F2008 1
| #define HAVE_TS29113_SUPPORT 1
| #define TEMP_LARGE "."
| #define STDC_HEADERS 1
| #define HAVE_SYS_TYPES_H 1
| #define HAVE_SYS_STAT_H 1
| #define HAVE_STDLIB_H 1
| #define HAVE_STRING_H 1
| #define HAVE_MEMORY_H 1
| #define HAVE_STRINGS_H 1
| #define HAVE_INTTYPES_H 1
| #define HAVE_STDINT_H 1
| #define HAVE_UNISTD_H 1
| #define HAVE_DLFCN_H 1
| #define LT_OBJDIR ".libs/"
| #define pgiFortran 1
| #define NF_INT1_T byte
| #define NF_INT2_T integer*2
| #define NF_INT1_IS_C_SIGNED_CHAR 1
| #define NF_INT2_IS_C_SHORT 1
| #define NF_INT_IS_C_INT 1
| #define NF_REAL_IS_C_FLOAT 1
| #define NF_DOUBLEPRECISION_IS_C_DOUBLE 1
| #define NCBYTE_T byte
| #define NCSHORT_T integer*2
| #define HAVE_NETCDF_H 1
| #define HAVE_NC_DEF_OPAQUE 1
| #define HAVE_NCCREATE 1
| #define HAVE_OC_OPEN 1
| #define USE_NETCDF4 1
| #define HAVE_SYS_PARAM_H 1
| #define HAVE_LOCALE_H 1
| #define HAVE_STDIO_H 1
| #define HAVE_STDARG_H 1
| #define HAVE_ERRNO_H 1
| #define HAVE_CTYPE_H 1
| #define HAVE_FCNTL_H 1
| #define HAVE_MALLOC_H 1
| #define HAVE_STDLIB_H 1
| #define HAVE_STRING_H 1
| #define HAVE_STRINGS_H 1
| #define HAVE_UNISTD_H 1
| #define HAVE_SYS_STAT_H 1
| #define HAVE_GETOPT_H 1
| #define HAVE_SYS_TIME_H 1
| #define HAVE_SYS_RESOURCE_H 1
| #define HAVE_DIRENT_H 1
| #define STDC_HEADERS 1
| #define HAVE_SYS_WAIT_H 1
| #define TIME_WITH_SYS_TIME 1
| #define HAVE_VPRINTF 1
| #define HAVE__BOOL 1
| #define HAVE_STDBOOL_H 1
| #define HAVE_ALLOCA_H 1
| #define HAVE_ALLOCA 1
| #define HAVE_SSIZE_T 1
| #define HAVE_PTRDIFF_T 1
| /* end confdefs.h.  */
| #include <stdio.h>
| #ifdef HAVE_SYS_TYPES_H
| # include <sys/types.h>
| #endif
| #ifdef HAVE_SYS_STAT_H
| # include <sys/stat.h>
| #endif
| #ifdef STDC_HEADERS
| # include <stdlib.h>
| # include <stddef.h>
| #else
| # ifdef HAVE_STDLIB_H
| #  include <stdlib.h>
| # endif
| #endif
| #ifdef HAVE_STRING_H
| # if !defined STDC_HEADERS && defined HAVE_MEMORY_H
| #  include <memory.h>
| # endif
| # include <string.h>
| #endif
| #ifdef HAVE_STRINGS_H
| # include <strings.h>
| #endif
| #ifdef HAVE_INTTYPES_H
| # include <inttypes.h>
| #endif
| #ifdef HAVE_STDINT_H
| # include <stdint.h>
| #endif
| #ifdef HAVE_UNISTD_H
| # include <unistd.h>
| #endif
| int
| main ()
| {
| if (sizeof (longlong))
| 	 return 0;
|   ;
|   return 0;
| }
configure:21223: result: no
configure:21233: checking whether char is unsigned
configure:21252: gcc -c -g -O2 -I/usr/local/netcdf4/include conftest.c >&5
configure:21252: $? = 0
configure:21259: result: no
configure:21271: checking size of short
configure:21276: gcc -o conftest -g -O2 -I/usr/local/netcdf4/include -L/usr/local/netcdf4/lib conftest.c -lnetcdf  >&5
configure:21276: $? = 0
configure:21276: ./conftest
configure:21276: $? = 0
configure:21290: result: 2
configure:21304: checking size of int
configure:21309: gcc -o conftest -g -O2 -I/usr/local/netcdf4/include -L/usr/local/netcdf4/lib conftest.c -lnetcdf  >&5
configure:21309: $? = 0
configure:21309: ./conftest
configure:21309: $? = 0
configure:21323: result: 4
configure:21337: checking size of long
configure:21342: gcc -o conftest -g -O2 -I/usr/local/netcdf4/include -L/usr/local/netcdf4/lib conftest.c -lnetcdf  >&5
configure:21342: $? = 0
configure:21342: ./conftest
configure:21342: $? = 0
configure:21356: result: 8
configure:21370: checking size of float
configure:21375: gcc -o conftest -g -O2 -I/usr/local/netcdf4/include -L/usr/local/netcdf4/lib conftest.c -lnetcdf  >&5
configure:21375: $? = 0
configure:21375: ./conftest
configure:21375: $? = 0
configure:21389: result: 4
configure:21403: checking size of double
configure:21408: gcc -o conftest -g -O2 -I/usr/local/netcdf4/include -L/usr/local/netcdf4/lib conftest.c -lnetcdf  >&5
configure:21408: $? = 0
configure:21408: ./conftest
configure:21408: $? = 0
configure:21422: result: 8
configure:21436: checking size of off_t
configure:21441: gcc -o conftest -g -O2 -I/usr/local/netcdf4/include -L/usr/local/netcdf4/lib conftest.c -lnetcdf  >&5
configure:21441: $? = 0
configure:21441: ./conftest
configure:21441: $? = 0
configure:21455: result: 8
configure:21469: checking size of size_t
configure:21474: gcc -o conftest -g -O2 -I/usr/local/netcdf4/include -L/usr/local/netcdf4/lib conftest.c -lnetcdf  >&5
configure:21474: $? = 0
configure:21474: ./conftest
configure:21474: $? = 0
configure:21488: result: 8
configure:21502: checking size of ptrdiff_t
configure:21507: gcc -o conftest -g -O2 -I/usr/local/netcdf4/include -L/usr/local/netcdf4/lib conftest.c -lnetcdf  >&5
configure:21507: $? = 0
configure:21507: ./conftest
configure:21507: $? = 0
configure:21521: result: 8
configure:21531: gcc -o conftest -g -O2 -I/usr/local/netcdf4/include -L/usr/local/netcdf4/lib conftest.c -lnetcdf  >&5
configure:21531: $? = 0
configure:21531: ./conftest
configure:21531: $? = 0
configure:21599: generating header files and makefiles
configure:21720: checking that generated files are newer than configure
configure:21726: result: done
configure:21813: creating ./config.status

## ---------------------- ##
## Running config.status. ##
## ---------------------- ##

This file was extended by netCDF-Fortran config.status 4.4.4, which was
generated by GNU Autoconf 2.69.  Invocation command line was

  CONFIG_FILES    = 
  CONFIG_HEADERS  = 
  CONFIG_LINKS    = 
  CONFIG_COMMANDS = 
  $ ./config.status 

on dalaoshe

config.status:1316: creating Makefile
config.status:1316: creating nf-config
config.status:1316: creating netcdf-fortran.pc
config.status:1316: creating docs/Makefile
config.status:1316: creating libsrc/Makefile
config.status:1316: creating fortran/Makefile
config.status:1316: creating nf_test/Makefile
config.status:1316: creating nf03_test/Makefile
config.status:1316: creating CMakeExtras/Makefile
config.status:1316: creating examples/Makefile
config.status:1316: creating examples/F90/Makefile
config.status:1316: creating examples/F77/Makefile
config.status:1316: creating config.h
config.status:1316: creating libsrc/nfconfig1.inc
config.status:1545: executing depfiles commands
config.status:1545: executing libtool commands

## ---------------- ##
## Cache variables. ##
## ---------------- ##

ac_cv_build=x86_64-unknown-linux-gnu
ac_cv_c_char_unsigned=no
ac_cv_c_compiler_gnu=yes
ac_cv_c_const=yes
ac_cv_env_CC_set=set
ac_cv_env_CC_value=gcc
ac_cv_env_CFLAGS_set=
ac_cv_env_CFLAGS_value=
ac_cv_env_CPPFLAGS_set=set
ac_cv_env_CPPFLAGS_value=-I/usr/local/netcdf4/include
ac_cv_env_CPP_set=
ac_cv_env_CPP_value=
ac_cv_env_F77_set=
ac_cv_env_F77_value=
ac_cv_env_FCFLAGS_set=
ac_cv_env_FCFLAGS_value=
ac_cv_env_FC_set=set
ac_cv_env_FC_value=gfortran
ac_cv_env_FFLAGS_set=
ac_cv_env_FFLAGS_value=
ac_cv_env_LDFLAGS_set=set
ac_cv_env_LDFLAGS_value=-L/usr/local/netcdf4/lib
ac_cv_env_LIBS_set=
ac_cv_env_LIBS_value=
ac_cv_env_build_alias_set=
ac_cv_env_build_alias_value=
ac_cv_env_host_alias_set=
ac_cv_env_host_alias_value=
ac_cv_env_target_alias_set=
ac_cv_env_target_alias_value=
ac_cv_f77_compiler_gnu=yes
ac_cv_fc_compiler_gnu=yes
ac_cv_fc_srcext_f90=none
ac_cv_func__doprnt=no
ac_cv_func_alloca_works=yes
ac_cv_func_nc_def_opaque=yes
ac_cv_func_nc_set_log_level=no
ac_cv_func_nc_use_parallel_enabled=no
ac_cv_func_nccreate=yes
ac_cv_func_oc_open=yes
ac_cv_func_vprintf=yes
ac_cv_header_ctype_h=yes
ac_cv_header_dirent_dirent_h=yes
ac_cv_header_dlfcn_h=yes
ac_cv_header_errno_h=yes
ac_cv_header_fcntl_h=yes
ac_cv_header_getopt_h=yes
ac_cv_header_inttypes_h=yes
ac_cv_header_locale_h=yes
ac_cv_header_malloc_h=yes
ac_cv_header_memory_h=yes
ac_cv_header_netcdf_h=yes
ac_cv_header_stdarg_h=yes
ac_cv_header_stdbool_h=yes
ac_cv_header_stdc=yes
ac_cv_header_stdint_h=yes
ac_cv_header_stdio_h=yes
ac_cv_header_stdlib_h=yes
ac_cv_header_string_h=yes
ac_cv_header_strings_h=yes
ac_cv_header_sys_param_h=yes
ac_cv_header_sys_resource_h=yes
ac_cv_header_sys_stat_h=yes
ac_cv_header_sys_time_h=yes
ac_cv_header_sys_types_h=yes
ac_cv_header_sys_wait_h=yes
ac_cv_header_time=yes
ac_cv_header_unistd_h=yes
ac_cv_host=x86_64-unknown-linux-gnu
ac_cv_objext=o
ac_cv_path_EGREP='/bin/grep -E'
ac_cv_path_FGREP='/bin/grep -F'
ac_cv_path_GREP=/bin/grep
ac_cv_path_SED=/bin/sed
ac_cv_path_install='/usr/bin/install -c'
ac_cv_path_mkdir=/bin/mkdir
ac_cv_prog_AWK=mawk
ac_cv_prog_CPP='gcc -E'
ac_cv_prog_NM='/usr/bin/nm -B'
ac_cv_prog_ac_ct_AR=ar
ac_cv_prog_ac_ct_CC=gcc
ac_cv_prog_ac_ct_F77=gfortran
ac_cv_prog_ac_ct_MANIFEST_TOOL=mt
ac_cv_prog_ac_ct_OBJDUMP=objdump
ac_cv_prog_ac_ct_RANLIB=ranlib
ac_cv_prog_ac_ct_STRIP=strip
ac_cv_prog_cc_c89=
ac_cv_prog_cc_g=yes
ac_cv_prog_f77_g=yes
ac_cv_prog_f90_uppercase_mod=no
ac_cv_prog_fc_g=yes
ac_cv_prog_make_make_set=yes
ac_cv_search_nc_open=-lnetcdf
ac_cv_search_opendir='none required'
ac_cv_sizeof_double=8
ac_cv_sizeof_float=4
ac_cv_sizeof_int=4
ac_cv_sizeof_long=8
ac_cv_sizeof_off_t=8
ac_cv_sizeof_ptrdiff_t=8
ac_cv_sizeof_short=2
ac_cv_sizeof_size_t=8
ac_cv_sys_file_offset_bits=no
ac_cv_sys_largefile_CC=no
ac_cv_target=x86_64-unknown-linux-gnu
ac_cv_type__Bool=yes
ac_cv_type_longlong=no
ac_cv_type_off_t=yes
ac_cv_type_ptrdiff_t=yes
ac_cv_type_size_t=yes
ac_cv_type_ssize_t=yes
ac_cv_type_uchar=no
ac_cv_working_alloca_h=yes
am_cv_CC_dependencies_compiler_type=gcc3
am_cv_make_support_nested_variables=yes
am_cv_prog_cc_c_o=yes
ax_cv_f90_modflag=-I
lt_cv_ar_at_file=@
lt_cv_archive_cmds_need_lc=no
lt_cv_deplibs_check_method=pass_all
lt_cv_file_magic_cmd='$MAGIC_CMD'
lt_cv_file_magic_test_file=
lt_cv_ld_reload_flag=-r
lt_cv_nm_interface='BSD nm'
lt_cv_objdir=.libs
lt_cv_path_LD=/usr/bin/ld
lt_cv_path_NM='/usr/bin/nm -B'
lt_cv_path_mainfest_tool=no
lt_cv_prog_compiler_c_o=yes
lt_cv_prog_compiler_c_o_F77=yes
lt_cv_prog_compiler_c_o_FC=yes
lt_cv_prog_compiler_pic='-fPIC -DPIC'
lt_cv_prog_compiler_pic_F77=-fPIC
lt_cv_prog_compiler_pic_FC=-fPIC
lt_cv_prog_compiler_pic_works=yes
lt_cv_prog_compiler_pic_works_F77=yes
lt_cv_prog_compiler_pic_works_FC=yes
lt_cv_prog_compiler_rtti_exceptions=no
lt_cv_prog_compiler_static_works=yes
lt_cv_prog_compiler_static_works_F77=yes
lt_cv_prog_compiler_static_works_FC=yes
lt_cv_prog_gnu_ld=yes
lt_cv_sharedlib_from_linklib_cmd='printf %s\n'
lt_cv_shlibpath_overrides_runpath=no
lt_cv_sys_global_symbol_pipe='sed -n -e '\''s/^.*[	 ]\([ABCDGIRSTW][ABCDGIRSTW]*\)[	 ][	 ]*\([_A-Za-z][_A-Za-z0-9]*\)$/\1 \2 \2/p'\'' | sed '\''/ __gnu_lto/d'\'''
lt_cv_sys_global_symbol_to_c_name_address='sed -n -e '\''s/^: \([^ ]*\)[ ]*$/  {\"\1\", (void *) 0},/p'\'' -e '\''s/^[ABCDGIRSTW]* \([^ ]*\) \([^ ]*\)$/  {"\2", (void *) \&\2},/p'\'''
lt_cv_sys_global_symbol_to_c_name_address_lib_prefix='sed -n -e '\''s/^: \([^ ]*\)[ ]*$/  {\"\1\", (void *) 0},/p'\'' -e '\''s/^[ABCDGIRSTW]* \([^ ]*\) \(lib[^ ]*\)$/  {"\2", (void *) \&\2},/p'\'' -e '\''s/^[ABCDGIRSTW]* \([^ ]*\) \([^ ]*\)$/  {"lib\2", (void *) \&\2},/p'\'''
lt_cv_sys_global_symbol_to_cdecl='sed -n -e '\''s/^T .* \(.*\)$/extern int \1();/p'\'' -e '\''s/^[ABCDGIRSTW]* .* \(.*\)$/extern char \1;/p'\'''
lt_cv_sys_max_cmd_len=1572864
lt_cv_to_host_file_cmd=func_convert_file_noop
lt_cv_to_tool_file_cmd=func_convert_file_noop

## ----------------- ##
## Output variables. ##
## ----------------- ##

ACLOCAL='${SHELL} /home/dalaoshe/MCT/examples/baseCpl/lib/netcdf-fortran-4.4.4/missing aclocal-1.14'
ALLOCA=''
AMDEPBACKSLASH='\'
AMDEP_FALSE='#'
AMDEP_TRUE=''
AMTAR='$${TAR-tar}'
AM_BACKSLASH='\'
AM_DEFAULT_V='$(AM_DEFAULT_VERBOSITY)'
AM_DEFAULT_VERBOSITY='1'
AM_V='$(V)'
AR='ar'
AUTOCONF='${SHELL} /home/dalaoshe/MCT/examples/baseCpl/lib/netcdf-fortran-4.4.4/missing autoconf'
AUTOHEADER='${SHELL} /home/dalaoshe/MCT/examples/baseCpl/lib/netcdf-fortran-4.4.4/missing autoheader'
AUTOMAKE='${SHELL} /home/dalaoshe/MCT/examples/baseCpl/lib/netcdf-fortran-4.4.4/missing automake-1.14'
AWK='mawk'
BUILD_BENCHMARKS_FALSE=''
BUILD_BENCHMARKS_TRUE='#'
BUILD_DAP_FALSE='#'
BUILD_DAP_TRUE=''
BUILD_DLL_FALSE=''
BUILD_DLL_TRUE='#'
BUILD_DOCS_FALSE=''
BUILD_DOCS_TRUE='#'
BUILD_F03_FALSE='#'
BUILD_F03_TRUE=''
BUILD_INTERNAL_DOCS='no'
BUILD_PARALLEL_FALSE=''
BUILD_PARALLEL_TRUE='#'
BUILD_V2_FALSE='#'
BUILD_V2_TRUE=''
CC='gcc'
CCDEPMODE='depmode=gcc3'
CFLAGS='-g -O2 -DLONGLONG_IS_LONG'
CPP='gcc -E'
CPPFLAGS='-I/usr/local/netcdf4/include'
CYGPATH_W='echo'
DEFS='-DHAVE_CONFIG_H'
DEPDIR='.deps'
DLLTOOL='false'
DOT=''
DOXYGEN=''
DSYMUTIL=''
DUMPBIN=''
ECHO_C=''
ECHO_N='-n'
ECHO_T=''
EGREP='/bin/grep -E'
EXEEXT=''
EXTRA_EXAMPLE_TESTS_FALSE=''
EXTRA_EXAMPLE_TESTS_TRUE='#'
EXTRA_TESTS_FALSE=''
EXTRA_TESTS_TRUE='#'
F77='gfortran'
FC='gfortran'
FCFLAGS='-g -O2'
FCFLAGS_f90=''
FFLAGS='-g -O2'
FGREP='/bin/grep -F'
GREP='/bin/grep'
HAS_DAP='yes'
HAS_F03='yes'
HAS_F90='no'
HAS_NC2='yes'
HAS_NC4='yes'
HAVE_DOT='NO'
INSTALL_DATA='${INSTALL} -m 644'
INSTALL_PROGRAM='${INSTALL}'
INSTALL_SCRIPT='${INSTALL}'
INSTALL_STRIP_PROGRAM='$(install_sh) -c -s'
LARGE_FILE_TESTS_FALSE=''
LARGE_FILE_TESTS_TRUE='#'
LD='/usr/bin/ld -m elf_x86_64'
LDFLAGS='-L/usr/local/netcdf4/lib'
LIBOBJS=''
LIBS='-lnetcdf '
LIBTOOL='$(SHELL) $(top_builddir)/libtool'
LIPO=''
LN_S='ln -s'
LTLIBOBJS=''
MAINT='#'
MAINTAINER_MODE_FALSE=''
MAINTAINER_MODE_TRUE='#'
MAKEINFO='${SHELL} /home/dalaoshe/MCT/examples/baseCpl/lib/netcdf-fortran-4.4.4/missing makeinfo'
MANIFEST_TOOL=':'
MKDIR_P='/bin/mkdir -p'
MOD_FLAG='-I'
NC_FLIBS='-lnetcdff -L/usr/local/netcdf4/lib -lnetcdf -lnetcdf '
NC_LIBS='-L/usr/local/netcdf4/lib -lnetcdf -lnetcdf '
NM='/usr/bin/nm -B'
NMEDIT=''
NMFLAGS=''
OBJDUMP='objdump'
OBJEXT='o'
OTOOL64=''
OTOOL=''
PACKAGE='netcdf-fortran'
PACKAGE_BUGREPORT='support-netcdf@unidata.ucar.edu'
PACKAGE_NAME='netCDF-Fortran'
PACKAGE_STRING='netCDF-Fortran 4.4.4'
PACKAGE_TARNAME='netcdf-fortran'
PACKAGE_URL=''
PACKAGE_VERSION='4.4.4'
PATH_SEPARATOR=':'
RANLIB='ranlib'
SED='/bin/sed'
SET_MAKE=''
SHELL='/bin/bash'
STRIP='strip'
TEST_PARALLEL_FALSE=''
TEST_PARALLEL_TRUE='#'
UPPER_CASE_MOD_FALSE=''
UPPER_CASE_MOD_TRUE='#'
USE_LOGGING_FALSE=''
USE_LOGGING_TRUE='#'
USE_NETCDF4_FALSE='#'
USE_NETCDF4_TRUE=''
USE_VALGRIND_TESTS_FALSE=''
USE_VALGRIND_TESTS_TRUE='#'
VERSION='4.4.4'
ac_ct_AR='ar'
ac_ct_CC='gcc'
ac_ct_DUMPBIN=''
ac_ct_F77='gfortran'
ac_ct_FC=''
am__EXEEXT_FALSE=''
am__EXEEXT_TRUE='#'
am__fastdepCC_FALSE='#'
am__fastdepCC_TRUE=''
am__include='include'
am__isrc=''
am__leading_dot='.'
am__nodep='_no'
am__quote=''
am__tar='$${TAR-tar} chof - "$$tardir"'
am__untar='$${TAR-tar} xf -'
bindir='${exec_prefix}/bin'
build='x86_64-unknown-linux-gnu'
build_alias=''
build_cpu='x86_64'
build_os='linux-gnu'
build_vendor='unknown'
datadir='${datarootdir}'
datarootdir='${prefix}/share'
docdir='${datarootdir}/doc/${PACKAGE_TARNAME}'
dvidir='${docdir}'
exec_prefix='${prefix}'
host='x86_64-unknown-linux-gnu'
host_alias=''
host_cpu='x86_64'
host_os='linux-gnu'
host_vendor='unknown'
htmldir='${docdir}'
includedir='${prefix}/include'
infodir='${datarootdir}/info'
install_sh='${SHELL} /home/dalaoshe/MCT/examples/baseCpl/lib/netcdf-fortran-4.4.4/install-sh'
libdir='${exec_prefix}/lib'
libexecdir='${exec_prefix}/libexec'
localedir='${datarootdir}/locale'
localstatedir='${prefix}/var'
mandir='${datarootdir}/man'
mkdir_p='$(MKDIR_P)'
oldincludedir='/usr/include'
pdfdir='${docdir}'
prefix='/usr/local/netcdf4'
program_transform_name='s,x,x,'
psdir='${docdir}'
sbindir='${exec_prefix}/sbin'
sharedstatedir='${prefix}/com'
sysconfdir='${prefix}/etc'
target='x86_64-unknown-linux-gnu'
target_alias=''
target_cpu='x86_64'
target_os='linux-gnu'
target_vendor='unknown'

## ----------- ##
## confdefs.h. ##
## ----------- ##

/* confdefs.h */
#define PACKAGE_NAME "netCDF-Fortran"
#define PACKAGE_TARNAME "netcdf-fortran"
#define PACKAGE_VERSION "4.4.4"
#define PACKAGE_STRING "netCDF-Fortran 4.4.4"
#define PACKAGE_BUGREPORT "support-netcdf@unidata.ucar.edu"
#define PACKAGE_URL ""
#define PACKAGE "netcdf-fortran"
#define VERSION "4.4.4"
#define HAVE_F2008 1
#define HAVE_TS29113_SUPPORT 1
#define TEMP_LARGE "."
#define STDC_HEADERS 1
#define HAVE_SYS_TYPES_H 1
#define HAVE_SYS_STAT_H 1
#define HAVE_STDLIB_H 1
#define HAVE_STRING_H 1
#define HAVE_MEMORY_H 1
#define HAVE_STRINGS_H 1
#define HAVE_INTTYPES_H 1
#define HAVE_STDINT_H 1
#define HAVE_UNISTD_H 1
#define HAVE_DLFCN_H 1
#define LT_OBJDIR ".libs/"
#define pgiFortran 1
#define NF_INT1_T byte
#define NF_INT2_T integer*2
#define NF_INT1_IS_C_SIGNED_CHAR 1
#define NF_INT2_IS_C_SHORT 1
#define NF_INT_IS_C_INT 1
#define NF_REAL_IS_C_FLOAT 1
#define NF_DOUBLEPRECISION_IS_C_DOUBLE 1
#define NCBYTE_T byte
#define NCSHORT_T integer*2
#define HAVE_NETCDF_H 1
#define HAVE_NC_DEF_OPAQUE 1
#define HAVE_NCCREATE 1
#define HAVE_OC_OPEN 1
#define USE_NETCDF4 1
#define HAVE_SYS_PARAM_H 1
#define HAVE_LOCALE_H 1
#define HAVE_STDIO_H 1
#define HAVE_STDARG_H 1
#define HAVE_ERRNO_H 1
#define HAVE_CTYPE_H 1
#define HAVE_FCNTL_H 1
#define HAVE_MALLOC_H 1
#define HAVE_STDLIB_H 1
#define HAVE_STRING_H 1
#define HAVE_STRINGS_H 1
#define HAVE_UNISTD_H 1
#define HAVE_SYS_STAT_H 1
#define HAVE_GETOPT_H 1
#define HAVE_SYS_TIME_H 1
#define HAVE_SYS_RESOURCE_H 1
#define HAVE_DIRENT_H 1
#define STDC_HEADERS 1
#define HAVE_SYS_WAIT_H 1
#define TIME_WITH_SYS_TIME 1
#define HAVE_VPRINTF 1
#define HAVE__BOOL 1
#define HAVE_STDBOOL_H 1
#define HAVE_ALLOCA_H 1
#define HAVE_ALLOCA 1
#define HAVE_SSIZE_T 1
#define HAVE_PTRDIFF_T 1
#define SIZEOF_SHORT 2
#define SIZEOF_INT 4
#define SIZEOF_LONG 8
#define SIZEOF_FLOAT 4
#define SIZEOF_DOUBLE 8
#define SIZEOF_OFF_T 8
#define SIZEOF_SIZE_T 8
#define SIZEOF_PTRDIFF_T 8

configure: exit 0
